[2023-03-10T22:28:11.349+0000] {processor.py:153} INFO - Started process (PID=18) to work on /opt/airflow/dags/main.py
[2023-03-10T22:28:11.350+0000] {processor.py:743} INFO - Processing file /opt/airflow/dags/main.py for tasks to queue
[2023-03-10T22:28:11.351+0000] {logging_mixin.py:137} INFO - [2023-03-10T22:28:11.350+0000] {dagbag.py:538} INFO - Filling up the DagBag from /opt/airflow/dags/main.py
[2023-03-10T22:28:11.363+0000] {logging_mixin.py:137} INFO - [2023-03-10T22:28:11.360+0000] {dagbag.py:343} ERROR - Failed to import: /opt/airflow/dags/main.py
Traceback (most recent call last):
  File "/usr/local/lib/python3.9/site-packages/airflow/models/dagbag.py", line 339, in parse
    loader.exec_module(new_module)
  File "<frozen importlib._bootstrap_external>", line 850, in exec_module
  File "<frozen importlib._bootstrap>", line 228, in _call_with_frames_removed
  File "/opt/airflow/dags/main.py", line 6, in <module>
    current_dir = os.path.dirname(os.path.abspath(__file__))
NameError: name 'os' is not defined
[2023-03-10T22:28:11.364+0000] {processor.py:755} WARNING - No viable dags retrieved from /opt/airflow/dags/main.py
[2023-03-10T22:28:11.389+0000] {processor.py:175} INFO - Processing /opt/airflow/dags/main.py took 0.043 seconds
[2023-03-10T22:28:41.518+0000] {processor.py:153} INFO - Started process (PID=19) to work on /opt/airflow/dags/main.py
[2023-03-10T22:28:41.519+0000] {processor.py:743} INFO - Processing file /opt/airflow/dags/main.py for tasks to queue
[2023-03-10T22:28:41.520+0000] {logging_mixin.py:137} INFO - [2023-03-10T22:28:41.519+0000] {dagbag.py:538} INFO - Filling up the DagBag from /opt/airflow/dags/main.py
[2023-03-10T22:28:41.524+0000] {logging_mixin.py:137} INFO - [2023-03-10T22:28:41.523+0000] {dagbag.py:343} ERROR - Failed to import: /opt/airflow/dags/main.py
Traceback (most recent call last):
  File "/usr/local/lib/python3.9/site-packages/airflow/models/dagbag.py", line 339, in parse
    loader.exec_module(new_module)
  File "<frozen importlib._bootstrap_external>", line 850, in exec_module
  File "<frozen importlib._bootstrap>", line 228, in _call_with_frames_removed
  File "/opt/airflow/dags/main.py", line 6, in <module>
    current_dir = os.path.dirname(os.path.abspath(__file__))
NameError: name 'os' is not defined
[2023-03-10T22:28:41.525+0000] {processor.py:755} WARNING - No viable dags retrieved from /opt/airflow/dags/main.py
[2023-03-10T22:28:41.543+0000] {processor.py:175} INFO - Processing /opt/airflow/dags/main.py took 0.028 seconds
[2023-03-10T22:29:11.689+0000] {processor.py:153} INFO - Started process (PID=20) to work on /opt/airflow/dags/main.py
[2023-03-10T22:29:11.689+0000] {processor.py:743} INFO - Processing file /opt/airflow/dags/main.py for tasks to queue
[2023-03-10T22:29:11.691+0000] {logging_mixin.py:137} INFO - [2023-03-10T22:29:11.690+0000] {dagbag.py:538} INFO - Filling up the DagBag from /opt/airflow/dags/main.py
[2023-03-10T22:29:11.697+0000] {logging_mixin.py:137} INFO - [2023-03-10T22:29:11.696+0000] {dagbag.py:343} ERROR - Failed to import: /opt/airflow/dags/main.py
Traceback (most recent call last):
  File "/usr/local/lib/python3.9/site-packages/airflow/models/dagbag.py", line 339, in parse
    loader.exec_module(new_module)
  File "<frozen importlib._bootstrap_external>", line 850, in exec_module
  File "<frozen importlib._bootstrap>", line 228, in _call_with_frames_removed
  File "/opt/airflow/dags/main.py", line 6, in <module>
    current_dir = os.path.dirname(os.path.abspath(__file__))
NameError: name 'os' is not defined
[2023-03-10T22:29:11.697+0000] {processor.py:755} WARNING - No viable dags retrieved from /opt/airflow/dags/main.py
[2023-03-10T22:29:11.718+0000] {processor.py:175} INFO - Processing /opt/airflow/dags/main.py took 0.033 seconds
[2023-03-10T22:29:41.840+0000] {processor.py:153} INFO - Started process (PID=21) to work on /opt/airflow/dags/main.py
[2023-03-10T22:29:41.841+0000] {processor.py:743} INFO - Processing file /opt/airflow/dags/main.py for tasks to queue
[2023-03-10T22:29:41.842+0000] {logging_mixin.py:137} INFO - [2023-03-10T22:29:41.842+0000] {dagbag.py:538} INFO - Filling up the DagBag from /opt/airflow/dags/main.py
[2023-03-10T22:29:41.851+0000] {logging_mixin.py:137} INFO - [2023-03-10T22:29:41.849+0000] {dagbag.py:343} ERROR - Failed to import: /opt/airflow/dags/main.py
Traceback (most recent call last):
  File "/usr/local/lib/python3.9/site-packages/airflow/models/dagbag.py", line 339, in parse
    loader.exec_module(new_module)
  File "<frozen importlib._bootstrap_external>", line 850, in exec_module
  File "<frozen importlib._bootstrap>", line 228, in _call_with_frames_removed
  File "/opt/airflow/dags/main.py", line 6, in <module>
    current_dir = os.path.dirname(os.path.abspath(__file__))
NameError: name 'os' is not defined
[2023-03-10T22:29:41.851+0000] {processor.py:755} WARNING - No viable dags retrieved from /opt/airflow/dags/main.py
[2023-03-10T22:29:41.875+0000] {processor.py:175} INFO - Processing /opt/airflow/dags/main.py took 0.039 seconds
[2023-03-10T22:29:43.866+0000] {processor.py:153} INFO - Started process (PID=22) to work on /opt/airflow/dags/main.py
[2023-03-10T22:29:43.867+0000] {processor.py:743} INFO - Processing file /opt/airflow/dags/main.py for tasks to queue
[2023-03-10T22:29:43.868+0000] {logging_mixin.py:137} INFO - [2023-03-10T22:29:43.868+0000] {dagbag.py:538} INFO - Filling up the DagBag from /opt/airflow/dags/main.py
[2023-03-10T22:29:43.874+0000] {logging_mixin.py:137} INFO - [2023-03-10T22:29:43.873+0000] {dagbag.py:343} ERROR - Failed to import: /opt/airflow/dags/main.py
Traceback (most recent call last):
  File "/usr/local/lib/python3.9/site-packages/airflow/models/dagbag.py", line 339, in parse
    loader.exec_module(new_module)
  File "<frozen importlib._bootstrap_external>", line 850, in exec_module
  File "<frozen importlib._bootstrap>", line 228, in _call_with_frames_removed
  File "/opt/airflow/dags/main.py", line 8, in <module>
    sys.path.append(os.path.join(current_dir, "../../"))
NameError: name 'sys' is not defined
[2023-03-10T22:29:43.875+0000] {processor.py:755} WARNING - No viable dags retrieved from /opt/airflow/dags/main.py
[2023-03-10T22:29:43.906+0000] {processor.py:175} INFO - Processing /opt/airflow/dags/main.py took 0.042 seconds
[2023-03-10T22:30:09.014+0000] {processor.py:153} INFO - Started process (PID=23) to work on /opt/airflow/dags/main.py
[2023-03-10T22:30:09.015+0000] {processor.py:743} INFO - Processing file /opt/airflow/dags/main.py for tasks to queue
[2023-03-10T22:30:09.016+0000] {logging_mixin.py:137} INFO - [2023-03-10T22:30:09.016+0000] {dagbag.py:538} INFO - Filling up the DagBag from /opt/airflow/dags/main.py
[2023-03-10T22:30:09.055+0000] {processor.py:753} INFO - DAG(s) dict_keys(['projeto_agro']) retrieved from /opt/airflow/dags/main.py
[2023-03-10T22:30:09.246+0000] {logging_mixin.py:137} INFO - [2023-03-10T22:30:09.245+0000] {manager.py:504} INFO - Created Permission View: can delete on DAG:projeto_agro
[2023-03-10T22:30:09.255+0000] {logging_mixin.py:137} INFO - [2023-03-10T22:30:09.254+0000] {manager.py:504} INFO - Created Permission View: can edit on DAG:projeto_agro
[2023-03-10T22:30:09.263+0000] {logging_mixin.py:137} INFO - [2023-03-10T22:30:09.262+0000] {manager.py:504} INFO - Created Permission View: can read on DAG:projeto_agro
[2023-03-10T22:30:09.263+0000] {logging_mixin.py:137} INFO - [2023-03-10T22:30:09.263+0000] {dag.py:2690} INFO - Sync 1 DAGs
[2023-03-10T22:30:09.296+0000] {logging_mixin.py:137} INFO - [2023-03-10T22:30:09.295+0000] {dag.py:2711} INFO - Creating ORM DAG for projeto_agro
[2023-03-10T22:30:09.319+0000] {logging_mixin.py:137} INFO - [2023-03-10T22:30:09.319+0000] {dag.py:3437} INFO - Setting next_dagrun for projeto_agro to 2023-01-13T00:00:00+00:00, run_after=2023-01-14T00:00:00+00:00
[2023-03-10T22:30:09.504+0000] {processor.py:175} INFO - Processing /opt/airflow/dags/main.py took 0.493 seconds
[2023-03-10T22:30:39.665+0000] {processor.py:153} INFO - Started process (PID=51) to work on /opt/airflow/dags/main.py
[2023-03-10T22:30:39.665+0000] {processor.py:743} INFO - Processing file /opt/airflow/dags/main.py for tasks to queue
[2023-03-10T22:30:39.666+0000] {logging_mixin.py:137} INFO - [2023-03-10T22:30:39.666+0000] {dagbag.py:538} INFO - Filling up the DagBag from /opt/airflow/dags/main.py
[2023-03-10T22:30:39.687+0000] {processor.py:753} INFO - DAG(s) dict_keys(['projeto_agro']) retrieved from /opt/airflow/dags/main.py
[2023-03-10T22:30:39.717+0000] {logging_mixin.py:137} INFO - [2023-03-10T22:30:39.717+0000] {dag.py:2690} INFO - Sync 1 DAGs
[2023-03-10T22:30:39.762+0000] {logging_mixin.py:137} INFO - [2023-03-10T22:30:39.762+0000] {dag.py:3437} INFO - Setting next_dagrun for projeto_agro to 2023-01-15T00:00:00+00:00, run_after=2023-01-16T00:00:00+00:00
[2023-03-10T22:30:39.786+0000] {processor.py:175} INFO - Processing /opt/airflow/dags/main.py took 0.125 seconds
[2023-03-10T22:31:09.925+0000] {processor.py:153} INFO - Started process (PID=105) to work on /opt/airflow/dags/main.py
[2023-03-10T22:31:09.926+0000] {processor.py:743} INFO - Processing file /opt/airflow/dags/main.py for tasks to queue
[2023-03-10T22:31:09.929+0000] {logging_mixin.py:137} INFO - [2023-03-10T22:31:09.928+0000] {dagbag.py:538} INFO - Filling up the DagBag from /opt/airflow/dags/main.py
[2023-03-10T22:31:09.968+0000] {processor.py:753} INFO - DAG(s) dict_keys(['projeto_agro']) retrieved from /opt/airflow/dags/main.py
[2023-03-10T22:31:10.025+0000] {logging_mixin.py:137} INFO - [2023-03-10T22:31:10.024+0000] {dag.py:2690} INFO - Sync 1 DAGs
[2023-03-10T22:31:10.082+0000] {logging_mixin.py:137} INFO - [2023-03-10T22:31:10.081+0000] {dag.py:3437} INFO - Setting next_dagrun for projeto_agro to 2023-01-21T00:00:00+00:00, run_after=2023-01-22T00:00:00+00:00
[2023-03-10T22:31:10.125+0000] {processor.py:175} INFO - Processing /opt/airflow/dags/main.py took 0.205 seconds
[2023-03-10T22:31:40.282+0000] {processor.py:153} INFO - Started process (PID=125) to work on /opt/airflow/dags/main.py
[2023-03-10T22:31:40.283+0000] {processor.py:743} INFO - Processing file /opt/airflow/dags/main.py for tasks to queue
[2023-03-10T22:31:40.284+0000] {logging_mixin.py:137} INFO - [2023-03-10T22:31:40.284+0000] {dagbag.py:538} INFO - Filling up the DagBag from /opt/airflow/dags/main.py
[2023-03-10T22:31:40.316+0000] {processor.py:753} INFO - DAG(s) dict_keys(['projeto_agro']) retrieved from /opt/airflow/dags/main.py
[2023-03-10T22:31:40.365+0000] {logging_mixin.py:137} INFO - [2023-03-10T22:31:40.365+0000] {dag.py:2690} INFO - Sync 1 DAGs
[2023-03-10T22:31:40.422+0000] {logging_mixin.py:137} INFO - [2023-03-10T22:31:40.421+0000] {dag.py:3437} INFO - Setting next_dagrun for projeto_agro to 2023-01-22T00:00:00+00:00, run_after=2023-01-23T00:00:00+00:00
[2023-03-10T22:31:40.465+0000] {processor.py:175} INFO - Processing /opt/airflow/dags/main.py took 0.188 seconds
[2023-03-10T22:32:10.618+0000] {processor.py:153} INFO - Started process (PID=189) to work on /opt/airflow/dags/main.py
[2023-03-10T22:32:10.619+0000] {processor.py:743} INFO - Processing file /opt/airflow/dags/main.py for tasks to queue
[2023-03-10T22:32:10.620+0000] {logging_mixin.py:137} INFO - [2023-03-10T22:32:10.620+0000] {dagbag.py:538} INFO - Filling up the DagBag from /opt/airflow/dags/main.py
[2023-03-10T22:32:10.644+0000] {processor.py:753} INFO - DAG(s) dict_keys(['projeto_agro']) retrieved from /opt/airflow/dags/main.py
[2023-03-10T22:32:10.675+0000] {logging_mixin.py:137} INFO - [2023-03-10T22:32:10.675+0000] {dag.py:2690} INFO - Sync 1 DAGs
[2023-03-10T22:32:10.705+0000] {logging_mixin.py:137} INFO - [2023-03-10T22:32:10.705+0000] {dag.py:3437} INFO - Setting next_dagrun for projeto_agro to 2023-01-29T00:00:00+00:00, run_after=2023-01-30T00:00:00+00:00
[2023-03-10T22:32:10.727+0000] {processor.py:175} INFO - Processing /opt/airflow/dags/main.py took 0.113 seconds
[2023-03-10T22:32:40.763+0000] {processor.py:153} INFO - Started process (PID=253) to work on /opt/airflow/dags/main.py
[2023-03-10T22:32:40.764+0000] {processor.py:743} INFO - Processing file /opt/airflow/dags/main.py for tasks to queue
[2023-03-10T22:32:40.765+0000] {logging_mixin.py:137} INFO - [2023-03-10T22:32:40.765+0000] {dagbag.py:538} INFO - Filling up the DagBag from /opt/airflow/dags/main.py
[2023-03-10T22:32:40.785+0000] {processor.py:753} INFO - DAG(s) dict_keys(['projeto_agro']) retrieved from /opt/airflow/dags/main.py
[2023-03-10T22:32:40.818+0000] {logging_mixin.py:137} INFO - [2023-03-10T22:32:40.818+0000] {dag.py:2690} INFO - Sync 1 DAGs
[2023-03-10T22:32:40.848+0000] {logging_mixin.py:137} INFO - [2023-03-10T22:32:40.848+0000] {dag.py:3437} INFO - Setting next_dagrun for projeto_agro to 2023-02-05T00:00:00+00:00, run_after=2023-02-06T00:00:00+00:00
[2023-03-10T22:32:40.870+0000] {processor.py:175} INFO - Processing /opt/airflow/dags/main.py took 0.110 seconds
[2023-03-10T22:33:10.988+0000] {processor.py:153} INFO - Started process (PID=317) to work on /opt/airflow/dags/main.py
[2023-03-10T22:33:10.989+0000] {processor.py:743} INFO - Processing file /opt/airflow/dags/main.py for tasks to queue
[2023-03-10T22:33:10.990+0000] {logging_mixin.py:137} INFO - [2023-03-10T22:33:10.990+0000] {dagbag.py:538} INFO - Filling up the DagBag from /opt/airflow/dags/main.py
[2023-03-10T22:33:11.006+0000] {processor.py:753} INFO - DAG(s) dict_keys(['projeto_agro']) retrieved from /opt/airflow/dags/main.py
[2023-03-10T22:33:11.031+0000] {logging_mixin.py:137} INFO - [2023-03-10T22:33:11.030+0000] {dag.py:2690} INFO - Sync 1 DAGs
[2023-03-10T22:33:11.055+0000] {logging_mixin.py:137} INFO - [2023-03-10T22:33:11.055+0000] {dag.py:3437} INFO - Setting next_dagrun for projeto_agro to 2023-02-12T00:00:00+00:00, run_after=2023-02-13T00:00:00+00:00
[2023-03-10T22:33:11.077+0000] {processor.py:175} INFO - Processing /opt/airflow/dags/main.py took 0.092 seconds
[2023-03-10T22:33:41.149+0000] {processor.py:153} INFO - Started process (PID=381) to work on /opt/airflow/dags/main.py
[2023-03-10T22:33:41.149+0000] {processor.py:743} INFO - Processing file /opt/airflow/dags/main.py for tasks to queue
[2023-03-10T22:33:41.150+0000] {logging_mixin.py:137} INFO - [2023-03-10T22:33:41.150+0000] {dagbag.py:538} INFO - Filling up the DagBag from /opt/airflow/dags/main.py
[2023-03-10T22:33:41.167+0000] {processor.py:753} INFO - DAG(s) dict_keys(['projeto_agro']) retrieved from /opt/airflow/dags/main.py
[2023-03-10T22:33:41.205+0000] {logging_mixin.py:137} INFO - [2023-03-10T22:33:41.204+0000] {dag.py:2690} INFO - Sync 1 DAGs
[2023-03-10T22:33:41.502+0000] {logging_mixin.py:137} INFO - [2023-03-10T22:33:41.502+0000] {dag.py:3437} INFO - Setting next_dagrun for projeto_agro to 2023-02-19T00:00:00+00:00, run_after=2023-02-20T00:00:00+00:00
[2023-03-10T22:33:41.521+0000] {processor.py:175} INFO - Processing /opt/airflow/dags/main.py took 0.376 seconds
[2023-03-10T22:34:11.650+0000] {processor.py:153} INFO - Started process (PID=444) to work on /opt/airflow/dags/main.py
[2023-03-10T22:34:11.655+0000] {processor.py:743} INFO - Processing file /opt/airflow/dags/main.py for tasks to queue
[2023-03-10T22:34:11.656+0000] {logging_mixin.py:137} INFO - [2023-03-10T22:34:11.656+0000] {dagbag.py:538} INFO - Filling up the DagBag from /opt/airflow/dags/main.py
[2023-03-10T22:34:11.670+0000] {processor.py:753} INFO - DAG(s) dict_keys(['projeto_agro']) retrieved from /opt/airflow/dags/main.py
[2023-03-10T22:34:11.701+0000] {logging_mixin.py:137} INFO - [2023-03-10T22:34:11.701+0000] {dag.py:2690} INFO - Sync 1 DAGs
[2023-03-10T22:34:11.817+0000] {logging_mixin.py:137} INFO - [2023-03-10T22:34:11.817+0000] {dag.py:3437} INFO - Setting next_dagrun for projeto_agro to 2023-02-26T00:00:00+00:00, run_after=2023-02-27T00:00:00+00:00
[2023-03-10T22:34:11.842+0000] {processor.py:175} INFO - Processing /opt/airflow/dags/main.py took 0.195 seconds
[2023-03-10T22:34:41.990+0000] {processor.py:153} INFO - Started process (PID=509) to work on /opt/airflow/dags/main.py
[2023-03-10T22:34:41.991+0000] {processor.py:743} INFO - Processing file /opt/airflow/dags/main.py for tasks to queue
[2023-03-10T22:34:41.991+0000] {logging_mixin.py:137} INFO - [2023-03-10T22:34:41.991+0000] {dagbag.py:538} INFO - Filling up the DagBag from /opt/airflow/dags/main.py
[2023-03-10T22:34:42.014+0000] {processor.py:753} INFO - DAG(s) dict_keys(['projeto_agro']) retrieved from /opt/airflow/dags/main.py
[2023-03-10T22:34:42.157+0000] {logging_mixin.py:137} INFO - [2023-03-10T22:34:42.156+0000] {dag.py:2690} INFO - Sync 1 DAGs
[2023-03-10T22:34:42.182+0000] {logging_mixin.py:137} INFO - [2023-03-10T22:34:42.181+0000] {dag.py:3437} INFO - Setting next_dagrun for projeto_agro to 2023-03-05T00:00:00+00:00, run_after=2023-03-06T00:00:00+00:00
[2023-03-10T22:34:42.205+0000] {processor.py:175} INFO - Processing /opt/airflow/dags/main.py took 0.219 seconds
[2023-03-10T22:35:12.352+0000] {processor.py:153} INFO - Started process (PID=555) to work on /opt/airflow/dags/main.py
[2023-03-10T22:35:12.353+0000] {processor.py:743} INFO - Processing file /opt/airflow/dags/main.py for tasks to queue
[2023-03-10T22:35:12.354+0000] {logging_mixin.py:137} INFO - [2023-03-10T22:35:12.354+0000] {dagbag.py:538} INFO - Filling up the DagBag from /opt/airflow/dags/main.py
[2023-03-10T22:35:12.474+0000] {processor.py:753} INFO - DAG(s) dict_keys(['projeto_agro']) retrieved from /opt/airflow/dags/main.py
[2023-03-10T22:35:12.496+0000] {logging_mixin.py:137} INFO - [2023-03-10T22:35:12.496+0000] {dag.py:2690} INFO - Sync 1 DAGs
[2023-03-10T22:35:12.518+0000] {logging_mixin.py:137} INFO - [2023-03-10T22:35:12.518+0000] {dag.py:3437} INFO - Setting next_dagrun for projeto_agro to 2023-03-10T00:00:00+00:00, run_after=2023-03-11T00:00:00+00:00
[2023-03-10T22:35:12.541+0000] {processor.py:175} INFO - Processing /opt/airflow/dags/main.py took 0.192 seconds
[2023-03-10T22:35:42.683+0000] {processor.py:153} INFO - Started process (PID=556) to work on /opt/airflow/dags/main.py
[2023-03-10T22:35:42.689+0000] {processor.py:743} INFO - Processing file /opt/airflow/dags/main.py for tasks to queue
[2023-03-10T22:35:42.690+0000] {logging_mixin.py:137} INFO - [2023-03-10T22:35:42.689+0000] {dagbag.py:538} INFO - Filling up the DagBag from /opt/airflow/dags/main.py
[2023-03-10T22:35:42.825+0000] {processor.py:753} INFO - DAG(s) dict_keys(['projeto_agro']) retrieved from /opt/airflow/dags/main.py
[2023-03-10T22:35:42.852+0000] {logging_mixin.py:137} INFO - [2023-03-10T22:35:42.852+0000] {dag.py:2690} INFO - Sync 1 DAGs
[2023-03-10T22:35:42.876+0000] {logging_mixin.py:137} INFO - [2023-03-10T22:35:42.876+0000] {dag.py:3437} INFO - Setting next_dagrun for projeto_agro to 2023-03-10T00:00:00+00:00, run_after=2023-03-11T00:00:00+00:00
[2023-03-10T22:35:42.900+0000] {processor.py:175} INFO - Processing /opt/airflow/dags/main.py took 0.221 seconds
[2023-03-10T22:36:13.041+0000] {processor.py:153} INFO - Started process (PID=557) to work on /opt/airflow/dags/main.py
[2023-03-10T22:36:13.042+0000] {processor.py:743} INFO - Processing file /opt/airflow/dags/main.py for tasks to queue
[2023-03-10T22:36:13.043+0000] {logging_mixin.py:137} INFO - [2023-03-10T22:36:13.043+0000] {dagbag.py:538} INFO - Filling up the DagBag from /opt/airflow/dags/main.py
[2023-03-10T22:36:13.060+0000] {processor.py:753} INFO - DAG(s) dict_keys(['projeto_agro']) retrieved from /opt/airflow/dags/main.py
[2023-03-10T22:36:13.084+0000] {logging_mixin.py:137} INFO - [2023-03-10T22:36:13.084+0000] {dag.py:2690} INFO - Sync 1 DAGs
[2023-03-10T22:36:13.110+0000] {logging_mixin.py:137} INFO - [2023-03-10T22:36:13.110+0000] {dag.py:3437} INFO - Setting next_dagrun for projeto_agro to 2023-03-10T00:00:00+00:00, run_after=2023-03-11T00:00:00+00:00
[2023-03-10T22:36:13.127+0000] {processor.py:175} INFO - Processing /opt/airflow/dags/main.py took 0.090 seconds
[2023-03-10T22:36:37.123+0000] {processor.py:153} INFO - Started process (PID=18) to work on /opt/airflow/dags/main.py
[2023-03-10T22:36:37.124+0000] {processor.py:743} INFO - Processing file /opt/airflow/dags/main.py for tasks to queue
[2023-03-10T22:36:37.125+0000] {logging_mixin.py:137} INFO - [2023-03-10T22:36:37.125+0000] {dagbag.py:538} INFO - Filling up the DagBag from /opt/airflow/dags/main.py
[2023-03-10T22:36:37.143+0000] {processor.py:753} INFO - DAG(s) dict_keys(['projeto_agro']) retrieved from /opt/airflow/dags/main.py
[2023-03-10T22:36:37.181+0000] {logging_mixin.py:137} INFO - [2023-03-10T22:36:37.181+0000] {dag.py:2690} INFO - Sync 1 DAGs
[2023-03-10T22:36:37.207+0000] {logging_mixin.py:137} INFO - [2023-03-10T22:36:37.207+0000] {dag.py:3437} INFO - Setting next_dagrun for projeto_agro to 2023-03-10T00:00:00+00:00, run_after=2023-03-11T00:00:00+00:00
[2023-03-10T22:36:37.226+0000] {processor.py:175} INFO - Processing /opt/airflow/dags/main.py took 0.105 seconds
[2023-03-10T22:37:07.283+0000] {processor.py:153} INFO - Started process (PID=28) to work on /opt/airflow/dags/main.py
[2023-03-10T22:37:07.294+0000] {processor.py:743} INFO - Processing file /opt/airflow/dags/main.py for tasks to queue
[2023-03-10T22:37:07.295+0000] {logging_mixin.py:137} INFO - [2023-03-10T22:37:07.295+0000] {dagbag.py:538} INFO - Filling up the DagBag from /opt/airflow/dags/main.py
[2023-03-10T22:37:07.310+0000] {processor.py:753} INFO - DAG(s) dict_keys(['projeto_agro']) retrieved from /opt/airflow/dags/main.py
[2023-03-10T22:37:07.339+0000] {logging_mixin.py:137} INFO - [2023-03-10T22:37:07.339+0000] {dag.py:2690} INFO - Sync 1 DAGs
[2023-03-10T22:37:07.364+0000] {logging_mixin.py:137} INFO - [2023-03-10T22:37:07.364+0000] {dag.py:3437} INFO - Setting next_dagrun for projeto_agro to 2023-03-10T00:00:00+00:00, run_after=2023-03-11T00:00:00+00:00
[2023-03-10T22:37:07.382+0000] {processor.py:175} INFO - Processing /opt/airflow/dags/main.py took 0.101 seconds
[2023-03-10T22:37:37.491+0000] {processor.py:153} INFO - Started process (PID=29) to work on /opt/airflow/dags/main.py
[2023-03-10T22:37:37.496+0000] {processor.py:743} INFO - Processing file /opt/airflow/dags/main.py for tasks to queue
[2023-03-10T22:37:37.497+0000] {logging_mixin.py:137} INFO - [2023-03-10T22:37:37.497+0000] {dagbag.py:538} INFO - Filling up the DagBag from /opt/airflow/dags/main.py
[2023-03-10T22:37:37.512+0000] {processor.py:753} INFO - DAG(s) dict_keys(['projeto_agro']) retrieved from /opt/airflow/dags/main.py
[2023-03-10T22:37:37.535+0000] {logging_mixin.py:137} INFO - [2023-03-10T22:37:37.535+0000] {dag.py:2690} INFO - Sync 1 DAGs
[2023-03-10T22:37:37.557+0000] {logging_mixin.py:137} INFO - [2023-03-10T22:37:37.557+0000] {dag.py:3437} INFO - Setting next_dagrun for projeto_agro to 2023-03-10T00:00:00+00:00, run_after=2023-03-11T00:00:00+00:00
[2023-03-10T22:37:37.575+0000] {processor.py:175} INFO - Processing /opt/airflow/dags/main.py took 0.087 seconds
[2023-03-10T22:38:07.673+0000] {processor.py:153} INFO - Started process (PID=30) to work on /opt/airflow/dags/main.py
[2023-03-10T22:38:07.678+0000] {processor.py:743} INFO - Processing file /opt/airflow/dags/main.py for tasks to queue
[2023-03-10T22:38:07.679+0000] {logging_mixin.py:137} INFO - [2023-03-10T22:38:07.679+0000] {dagbag.py:538} INFO - Filling up the DagBag from /opt/airflow/dags/main.py
[2023-03-10T22:38:07.694+0000] {processor.py:753} INFO - DAG(s) dict_keys(['projeto_agro']) retrieved from /opt/airflow/dags/main.py
[2023-03-10T22:38:07.718+0000] {logging_mixin.py:137} INFO - [2023-03-10T22:38:07.718+0000] {dag.py:2690} INFO - Sync 1 DAGs
[2023-03-10T22:38:07.740+0000] {logging_mixin.py:137} INFO - [2023-03-10T22:38:07.740+0000] {dag.py:3437} INFO - Setting next_dagrun for projeto_agro to 2023-03-10T00:00:00+00:00, run_after=2023-03-11T00:00:00+00:00
[2023-03-10T22:38:07.759+0000] {processor.py:175} INFO - Processing /opt/airflow/dags/main.py took 0.091 seconds
[2023-03-10T22:38:37.858+0000] {processor.py:153} INFO - Started process (PID=31) to work on /opt/airflow/dags/main.py
[2023-03-10T22:38:37.863+0000] {processor.py:743} INFO - Processing file /opt/airflow/dags/main.py for tasks to queue
[2023-03-10T22:38:37.864+0000] {logging_mixin.py:137} INFO - [2023-03-10T22:38:37.864+0000] {dagbag.py:538} INFO - Filling up the DagBag from /opt/airflow/dags/main.py
[2023-03-10T22:38:37.880+0000] {processor.py:753} INFO - DAG(s) dict_keys(['projeto_agro']) retrieved from /opt/airflow/dags/main.py
[2023-03-10T22:38:37.905+0000] {logging_mixin.py:137} INFO - [2023-03-10T22:38:37.905+0000] {dag.py:2690} INFO - Sync 1 DAGs
[2023-03-10T22:38:37.931+0000] {logging_mixin.py:137} INFO - [2023-03-10T22:38:37.931+0000] {dag.py:3437} INFO - Setting next_dagrun for projeto_agro to 2023-03-10T00:00:00+00:00, run_after=2023-03-11T00:00:00+00:00
[2023-03-10T22:38:37.952+0000] {processor.py:175} INFO - Processing /opt/airflow/dags/main.py took 0.098 seconds
[2023-03-10T22:39:08.045+0000] {processor.py:153} INFO - Started process (PID=32) to work on /opt/airflow/dags/main.py
[2023-03-10T22:39:08.046+0000] {processor.py:743} INFO - Processing file /opt/airflow/dags/main.py for tasks to queue
[2023-03-10T22:39:08.046+0000] {logging_mixin.py:137} INFO - [2023-03-10T22:39:08.046+0000] {dagbag.py:538} INFO - Filling up the DagBag from /opt/airflow/dags/main.py
[2023-03-10T22:39:08.058+0000] {processor.py:753} INFO - DAG(s) dict_keys(['projeto_agro']) retrieved from /opt/airflow/dags/main.py
[2023-03-10T22:39:08.082+0000] {logging_mixin.py:137} INFO - [2023-03-10T22:39:08.082+0000] {dag.py:2690} INFO - Sync 1 DAGs
[2023-03-10T22:39:08.105+0000] {logging_mixin.py:137} INFO - [2023-03-10T22:39:08.105+0000] {dag.py:3437} INFO - Setting next_dagrun for projeto_agro to 2023-03-10T00:00:00+00:00, run_after=2023-03-11T00:00:00+00:00
[2023-03-10T22:39:08.124+0000] {processor.py:175} INFO - Processing /opt/airflow/dags/main.py took 0.081 seconds
[2023-03-10T22:39:38.236+0000] {processor.py:153} INFO - Started process (PID=33) to work on /opt/airflow/dags/main.py
[2023-03-10T22:39:38.241+0000] {processor.py:743} INFO - Processing file /opt/airflow/dags/main.py for tasks to queue
[2023-03-10T22:39:38.242+0000] {logging_mixin.py:137} INFO - [2023-03-10T22:39:38.242+0000] {dagbag.py:538} INFO - Filling up the DagBag from /opt/airflow/dags/main.py
[2023-03-10T22:39:38.254+0000] {processor.py:753} INFO - DAG(s) dict_keys(['projeto_agro']) retrieved from /opt/airflow/dags/main.py
[2023-03-10T22:39:38.278+0000] {logging_mixin.py:137} INFO - [2023-03-10T22:39:38.278+0000] {dag.py:2690} INFO - Sync 1 DAGs
[2023-03-10T22:39:38.303+0000] {logging_mixin.py:137} INFO - [2023-03-10T22:39:38.303+0000] {dag.py:3437} INFO - Setting next_dagrun for projeto_agro to 2023-03-10T00:00:00+00:00, run_after=2023-03-11T00:00:00+00:00
[2023-03-10T22:39:38.321+0000] {processor.py:175} INFO - Processing /opt/airflow/dags/main.py took 0.089 seconds
[2023-03-10T22:40:08.397+0000] {processor.py:153} INFO - Started process (PID=34) to work on /opt/airflow/dags/main.py
[2023-03-10T22:40:08.397+0000] {processor.py:743} INFO - Processing file /opt/airflow/dags/main.py for tasks to queue
[2023-03-10T22:40:08.398+0000] {logging_mixin.py:137} INFO - [2023-03-10T22:40:08.398+0000] {dagbag.py:538} INFO - Filling up the DagBag from /opt/airflow/dags/main.py
[2023-03-10T22:40:08.411+0000] {processor.py:753} INFO - DAG(s) dict_keys(['projeto_agro']) retrieved from /opt/airflow/dags/main.py
[2023-03-10T22:40:08.437+0000] {logging_mixin.py:137} INFO - [2023-03-10T22:40:08.437+0000] {dag.py:2690} INFO - Sync 1 DAGs
[2023-03-10T22:40:08.466+0000] {logging_mixin.py:137} INFO - [2023-03-10T22:40:08.465+0000] {dag.py:3437} INFO - Setting next_dagrun for projeto_agro to 2023-03-10T00:00:00+00:00, run_after=2023-03-11T00:00:00+00:00
[2023-03-10T22:40:08.487+0000] {processor.py:175} INFO - Processing /opt/airflow/dags/main.py took 0.093 seconds
[2023-03-10T22:40:38.592+0000] {processor.py:153} INFO - Started process (PID=35) to work on /opt/airflow/dags/main.py
[2023-03-10T22:40:38.598+0000] {processor.py:743} INFO - Processing file /opt/airflow/dags/main.py for tasks to queue
[2023-03-10T22:40:38.598+0000] {logging_mixin.py:137} INFO - [2023-03-10T22:40:38.598+0000] {dagbag.py:538} INFO - Filling up the DagBag from /opt/airflow/dags/main.py
[2023-03-10T22:40:38.613+0000] {processor.py:753} INFO - DAG(s) dict_keys(['projeto_agro']) retrieved from /opt/airflow/dags/main.py
[2023-03-10T22:40:38.644+0000] {logging_mixin.py:137} INFO - [2023-03-10T22:40:38.644+0000] {dag.py:2690} INFO - Sync 1 DAGs
[2023-03-10T22:40:38.673+0000] {logging_mixin.py:137} INFO - [2023-03-10T22:40:38.673+0000] {dag.py:3437} INFO - Setting next_dagrun for projeto_agro to 2023-03-10T00:00:00+00:00, run_after=2023-03-11T00:00:00+00:00
[2023-03-10T22:40:38.695+0000] {processor.py:175} INFO - Processing /opt/airflow/dags/main.py took 0.106 seconds
[2023-03-10T22:40:52.468+0000] {processor.py:153} INFO - Started process (PID=16) to work on /opt/airflow/dags/main.py
[2023-03-10T22:40:52.469+0000] {processor.py:743} INFO - Processing file /opt/airflow/dags/main.py for tasks to queue
[2023-03-10T22:40:52.470+0000] {logging_mixin.py:137} INFO - [2023-03-10T22:40:52.470+0000] {dagbag.py:538} INFO - Filling up the DagBag from /opt/airflow/dags/main.py
[2023-03-10T22:40:52.491+0000] {processor.py:753} INFO - DAG(s) dict_keys(['projeto_agro']) retrieved from /opt/airflow/dags/main.py
[2023-03-10T22:40:52.525+0000] {logging_mixin.py:137} INFO - [2023-03-10T22:40:52.525+0000] {dag.py:2690} INFO - Sync 1 DAGs
[2023-03-10T22:40:52.557+0000] {logging_mixin.py:137} INFO - [2023-03-10T22:40:52.557+0000] {dag.py:3437} INFO - Setting next_dagrun for projeto_agro to 2023-03-10T00:00:00+00:00, run_after=2023-03-11T00:00:00+00:00
[2023-03-10T22:40:52.576+0000] {processor.py:175} INFO - Processing /opt/airflow/dags/main.py took 0.111 seconds
[2023-03-10T22:41:22.647+0000] {processor.py:153} INFO - Started process (PID=18) to work on /opt/airflow/dags/main.py
[2023-03-10T22:41:22.647+0000] {processor.py:743} INFO - Processing file /opt/airflow/dags/main.py for tasks to queue
[2023-03-10T22:41:22.648+0000] {logging_mixin.py:137} INFO - [2023-03-10T22:41:22.648+0000] {dagbag.py:538} INFO - Filling up the DagBag from /opt/airflow/dags/main.py
[2023-03-10T22:41:22.663+0000] {processor.py:753} INFO - DAG(s) dict_keys(['projeto_agro']) retrieved from /opt/airflow/dags/main.py
[2023-03-10T22:41:22.689+0000] {logging_mixin.py:137} INFO - [2023-03-10T22:41:22.689+0000] {dag.py:2690} INFO - Sync 1 DAGs
[2023-03-10T22:41:22.716+0000] {logging_mixin.py:137} INFO - [2023-03-10T22:41:22.715+0000] {dag.py:3437} INFO - Setting next_dagrun for projeto_agro to 2023-03-10T00:00:00+00:00, run_after=2023-03-11T00:00:00+00:00
[2023-03-10T22:41:22.734+0000] {processor.py:175} INFO - Processing /opt/airflow/dags/main.py took 0.091 seconds
[2023-03-10T22:41:52.861+0000] {processor.py:153} INFO - Started process (PID=19) to work on /opt/airflow/dags/main.py
[2023-03-10T22:41:52.867+0000] {processor.py:743} INFO - Processing file /opt/airflow/dags/main.py for tasks to queue
[2023-03-10T22:41:52.868+0000] {logging_mixin.py:137} INFO - [2023-03-10T22:41:52.868+0000] {dagbag.py:538} INFO - Filling up the DagBag from /opt/airflow/dags/main.py
[2023-03-10T22:41:52.881+0000] {processor.py:753} INFO - DAG(s) dict_keys(['projeto_agro']) retrieved from /opt/airflow/dags/main.py
[2023-03-10T22:41:52.904+0000] {logging_mixin.py:137} INFO - [2023-03-10T22:41:52.903+0000] {dag.py:2690} INFO - Sync 1 DAGs
[2023-03-10T22:41:52.926+0000] {logging_mixin.py:137} INFO - [2023-03-10T22:41:52.926+0000] {dag.py:3437} INFO - Setting next_dagrun for projeto_agro to 2023-03-10T00:00:00+00:00, run_after=2023-03-11T00:00:00+00:00
[2023-03-10T22:41:52.944+0000] {processor.py:175} INFO - Processing /opt/airflow/dags/main.py took 0.086 seconds
[2023-03-10T22:42:23.027+0000] {processor.py:153} INFO - Started process (PID=20) to work on /opt/airflow/dags/main.py
[2023-03-10T22:42:23.033+0000] {processor.py:743} INFO - Processing file /opt/airflow/dags/main.py for tasks to queue
[2023-03-10T22:42:23.033+0000] {logging_mixin.py:137} INFO - [2023-03-10T22:42:23.033+0000] {dagbag.py:538} INFO - Filling up the DagBag from /opt/airflow/dags/main.py
[2023-03-10T22:42:23.046+0000] {processor.py:753} INFO - DAG(s) dict_keys(['projeto_agro']) retrieved from /opt/airflow/dags/main.py
[2023-03-10T22:42:23.070+0000] {logging_mixin.py:137} INFO - [2023-03-10T22:42:23.070+0000] {dag.py:2690} INFO - Sync 1 DAGs
[2023-03-10T22:42:23.104+0000] {logging_mixin.py:137} INFO - [2023-03-10T22:42:23.104+0000] {dag.py:3437} INFO - Setting next_dagrun for projeto_agro to 2023-03-10T00:00:00+00:00, run_after=2023-03-11T00:00:00+00:00
[2023-03-10T22:42:23.131+0000] {processor.py:175} INFO - Processing /opt/airflow/dags/main.py took 0.107 seconds
[2023-03-10T22:42:53.246+0000] {processor.py:153} INFO - Started process (PID=21) to work on /opt/airflow/dags/main.py
[2023-03-10T22:42:53.251+0000] {processor.py:743} INFO - Processing file /opt/airflow/dags/main.py for tasks to queue
[2023-03-10T22:42:53.252+0000] {logging_mixin.py:137} INFO - [2023-03-10T22:42:53.252+0000] {dagbag.py:538} INFO - Filling up the DagBag from /opt/airflow/dags/main.py
[2023-03-10T22:42:53.267+0000] {processor.py:753} INFO - DAG(s) dict_keys(['projeto_agro']) retrieved from /opt/airflow/dags/main.py
[2023-03-10T22:42:53.290+0000] {logging_mixin.py:137} INFO - [2023-03-10T22:42:53.290+0000] {dag.py:2690} INFO - Sync 1 DAGs
[2023-03-10T22:42:53.312+0000] {logging_mixin.py:137} INFO - [2023-03-10T22:42:53.312+0000] {dag.py:3437} INFO - Setting next_dagrun for projeto_agro to 2023-03-10T00:00:00+00:00, run_after=2023-03-11T00:00:00+00:00
[2023-03-10T22:42:53.332+0000] {processor.py:175} INFO - Processing /opt/airflow/dags/main.py took 0.089 seconds
[2023-03-10T22:43:23.428+0000] {processor.py:153} INFO - Started process (PID=22) to work on /opt/airflow/dags/main.py
[2023-03-10T22:43:23.434+0000] {processor.py:743} INFO - Processing file /opt/airflow/dags/main.py for tasks to queue
[2023-03-10T22:43:23.435+0000] {logging_mixin.py:137} INFO - [2023-03-10T22:43:23.434+0000] {dagbag.py:538} INFO - Filling up the DagBag from /opt/airflow/dags/main.py
[2023-03-10T22:43:23.449+0000] {processor.py:753} INFO - DAG(s) dict_keys(['projeto_agro']) retrieved from /opt/airflow/dags/main.py
[2023-03-10T22:43:23.473+0000] {logging_mixin.py:137} INFO - [2023-03-10T22:43:23.473+0000] {dag.py:2690} INFO - Sync 1 DAGs
[2023-03-10T22:43:23.496+0000] {logging_mixin.py:137} INFO - [2023-03-10T22:43:23.496+0000] {dag.py:3437} INFO - Setting next_dagrun for projeto_agro to 2023-03-10T00:00:00+00:00, run_after=2023-03-11T00:00:00+00:00
[2023-03-10T22:43:23.514+0000] {processor.py:175} INFO - Processing /opt/airflow/dags/main.py took 0.090 seconds
[2023-03-10T22:43:53.625+0000] {processor.py:153} INFO - Started process (PID=23) to work on /opt/airflow/dags/main.py
[2023-03-10T22:43:53.631+0000] {processor.py:743} INFO - Processing file /opt/airflow/dags/main.py for tasks to queue
[2023-03-10T22:43:53.632+0000] {logging_mixin.py:137} INFO - [2023-03-10T22:43:53.632+0000] {dagbag.py:538} INFO - Filling up the DagBag from /opt/airflow/dags/main.py
[2023-03-10T22:43:53.647+0000] {processor.py:753} INFO - DAG(s) dict_keys(['projeto_agro']) retrieved from /opt/airflow/dags/main.py
[2023-03-10T22:43:53.669+0000] {logging_mixin.py:137} INFO - [2023-03-10T22:43:53.669+0000] {dag.py:2690} INFO - Sync 1 DAGs
[2023-03-10T22:43:53.694+0000] {logging_mixin.py:137} INFO - [2023-03-10T22:43:53.693+0000] {dag.py:3437} INFO - Setting next_dagrun for projeto_agro to 2023-03-10T00:00:00+00:00, run_after=2023-03-11T00:00:00+00:00
[2023-03-10T22:43:53.713+0000] {processor.py:175} INFO - Processing /opt/airflow/dags/main.py took 0.092 seconds
[2023-03-10T22:44:23.800+0000] {processor.py:153} INFO - Started process (PID=24) to work on /opt/airflow/dags/main.py
[2023-03-10T22:44:23.805+0000] {processor.py:743} INFO - Processing file /opt/airflow/dags/main.py for tasks to queue
[2023-03-10T22:44:23.806+0000] {logging_mixin.py:137} INFO - [2023-03-10T22:44:23.806+0000] {dagbag.py:538} INFO - Filling up the DagBag from /opt/airflow/dags/main.py
[2023-03-10T22:44:23.818+0000] {processor.py:753} INFO - DAG(s) dict_keys(['projeto_agro']) retrieved from /opt/airflow/dags/main.py
[2023-03-10T22:44:23.847+0000] {logging_mixin.py:137} INFO - [2023-03-10T22:44:23.847+0000] {dag.py:2690} INFO - Sync 1 DAGs
[2023-03-10T22:44:23.871+0000] {logging_mixin.py:137} INFO - [2023-03-10T22:44:23.870+0000] {dag.py:3437} INFO - Setting next_dagrun for projeto_agro to 2023-03-10T00:00:00+00:00, run_after=2023-03-11T00:00:00+00:00
[2023-03-10T22:44:23.889+0000] {processor.py:175} INFO - Processing /opt/airflow/dags/main.py took 0.092 seconds
[2023-03-10T22:44:53.990+0000] {processor.py:153} INFO - Started process (PID=34) to work on /opt/airflow/dags/main.py
[2023-03-10T22:44:53.990+0000] {processor.py:743} INFO - Processing file /opt/airflow/dags/main.py for tasks to queue
[2023-03-10T22:44:53.991+0000] {logging_mixin.py:137} INFO - [2023-03-10T22:44:53.991+0000] {dagbag.py:538} INFO - Filling up the DagBag from /opt/airflow/dags/main.py
[2023-03-10T22:44:54.436+0000] {processor.py:753} INFO - DAG(s) dict_keys(['projeto_agro']) retrieved from /opt/airflow/dags/main.py
[2023-03-10T22:44:54.464+0000] {logging_mixin.py:137} INFO - [2023-03-10T22:44:54.464+0000] {dag.py:2690} INFO - Sync 1 DAGs
[2023-03-10T22:44:54.487+0000] {logging_mixin.py:137} INFO - [2023-03-10T22:44:54.487+0000] {dag.py:3437} INFO - Setting next_dagrun for projeto_agro to 2023-03-10T00:00:00+00:00, run_after=2023-03-11T00:00:00+00:00
[2023-03-10T22:44:54.506+0000] {processor.py:175} INFO - Processing /opt/airflow/dags/main.py took 0.520 seconds
[2023-03-10T22:45:24.702+0000] {processor.py:153} INFO - Started process (PID=44) to work on /opt/airflow/dags/main.py
[2023-03-10T22:45:24.702+0000] {processor.py:743} INFO - Processing file /opt/airflow/dags/main.py for tasks to queue
[2023-03-10T22:45:24.703+0000] {logging_mixin.py:137} INFO - [2023-03-10T22:45:24.703+0000] {dagbag.py:538} INFO - Filling up the DagBag from /opt/airflow/dags/main.py
[2023-03-10T22:45:25.292+0000] {processor.py:753} INFO - DAG(s) dict_keys(['projeto_agro']) retrieved from /opt/airflow/dags/main.py
[2023-03-10T22:45:25.317+0000] {logging_mixin.py:137} INFO - [2023-03-10T22:45:25.316+0000] {dag.py:2690} INFO - Sync 1 DAGs
[2023-03-10T22:45:25.340+0000] {logging_mixin.py:137} INFO - [2023-03-10T22:45:25.340+0000] {dag.py:3437} INFO - Setting next_dagrun for projeto_agro to 2023-03-10T00:00:00+00:00, run_after=2023-03-11T00:00:00+00:00
[2023-03-10T22:45:25.357+0000] {processor.py:175} INFO - Processing /opt/airflow/dags/main.py took 0.659 seconds
[2023-03-10T22:45:56.594+0000] {processor.py:153} INFO - Started process (PID=45) to work on /opt/airflow/dags/main.py
[2023-03-10T22:45:56.596+0000] {processor.py:743} INFO - Processing file /opt/airflow/dags/main.py for tasks to queue
[2023-03-10T22:45:56.601+0000] {logging_mixin.py:137} INFO - [2023-03-10T22:45:56.600+0000] {dagbag.py:538} INFO - Filling up the DagBag from /opt/airflow/dags/main.py
[2023-03-10T22:45:59.898+0000] {processor.py:753} INFO - DAG(s) dict_keys(['projeto_agro']) retrieved from /opt/airflow/dags/main.py
[2023-03-10T22:46:00.155+0000] {logging_mixin.py:137} INFO - [2023-03-10T22:46:00.155+0000] {dag.py:2690} INFO - Sync 1 DAGs
[2023-03-10T22:46:00.201+0000] {logging_mixin.py:137} INFO - [2023-03-10T22:46:00.200+0000] {dag.py:3437} INFO - Setting next_dagrun for projeto_agro to 2023-03-10T00:00:00+00:00, run_after=2023-03-11T00:00:00+00:00
[2023-03-10T22:46:00.257+0000] {processor.py:175} INFO - Processing /opt/airflow/dags/main.py took 3.676 seconds
[2023-03-10T22:46:30.583+0000] {processor.py:153} INFO - Started process (PID=46) to work on /opt/airflow/dags/main.py
[2023-03-10T22:46:30.586+0000] {processor.py:743} INFO - Processing file /opt/airflow/dags/main.py for tasks to queue
[2023-03-10T22:46:30.588+0000] {logging_mixin.py:137} INFO - [2023-03-10T22:46:30.588+0000] {dagbag.py:538} INFO - Filling up the DagBag from /opt/airflow/dags/main.py
[2023-03-10T22:46:31.317+0000] {processor.py:753} INFO - DAG(s) dict_keys(['projeto_agro']) retrieved from /opt/airflow/dags/main.py
[2023-03-10T22:46:31.342+0000] {logging_mixin.py:137} INFO - [2023-03-10T22:46:31.342+0000] {dag.py:2690} INFO - Sync 1 DAGs
[2023-03-10T22:46:31.363+0000] {logging_mixin.py:137} INFO - [2023-03-10T22:46:31.363+0000] {dag.py:3437} INFO - Setting next_dagrun for projeto_agro to 2023-03-10T00:00:00+00:00, run_after=2023-03-11T00:00:00+00:00
[2023-03-10T22:46:31.380+0000] {processor.py:175} INFO - Processing /opt/airflow/dags/main.py took 0.813 seconds
[2023-03-10T22:47:01.549+0000] {processor.py:153} INFO - Started process (PID=47) to work on /opt/airflow/dags/main.py
[2023-03-10T22:47:01.550+0000] {processor.py:743} INFO - Processing file /opt/airflow/dags/main.py for tasks to queue
[2023-03-10T22:47:01.551+0000] {logging_mixin.py:137} INFO - [2023-03-10T22:47:01.551+0000] {dagbag.py:538} INFO - Filling up the DagBag from /opt/airflow/dags/main.py
[2023-03-10T22:47:01.937+0000] {processor.py:753} INFO - DAG(s) dict_keys(['projeto_agro']) retrieved from /opt/airflow/dags/main.py
[2023-03-10T22:47:01.963+0000] {logging_mixin.py:137} INFO - [2023-03-10T22:47:01.963+0000] {dag.py:2690} INFO - Sync 1 DAGs
[2023-03-10T22:47:01.986+0000] {logging_mixin.py:137} INFO - [2023-03-10T22:47:01.986+0000] {dag.py:3437} INFO - Setting next_dagrun for projeto_agro to 2023-03-10T00:00:00+00:00, run_after=2023-03-11T00:00:00+00:00
[2023-03-10T22:47:02.004+0000] {processor.py:175} INFO - Processing /opt/airflow/dags/main.py took 0.459 seconds
[2023-03-10T22:47:32.140+0000] {processor.py:153} INFO - Started process (PID=48) to work on /opt/airflow/dags/main.py
[2023-03-10T22:47:32.141+0000] {processor.py:743} INFO - Processing file /opt/airflow/dags/main.py for tasks to queue
[2023-03-10T22:47:32.142+0000] {logging_mixin.py:137} INFO - [2023-03-10T22:47:32.142+0000] {dagbag.py:538} INFO - Filling up the DagBag from /opt/airflow/dags/main.py
[2023-03-10T22:47:32.458+0000] {processor.py:753} INFO - DAG(s) dict_keys(['projeto_agro']) retrieved from /opt/airflow/dags/main.py
[2023-03-10T22:47:32.492+0000] {logging_mixin.py:137} INFO - [2023-03-10T22:47:32.491+0000] {dag.py:2690} INFO - Sync 1 DAGs
[2023-03-10T22:47:32.518+0000] {logging_mixin.py:137} INFO - [2023-03-10T22:47:32.518+0000] {dag.py:3437} INFO - Setting next_dagrun for projeto_agro to 2023-03-10T00:00:00+00:00, run_after=2023-03-11T00:00:00+00:00
[2023-03-10T22:47:32.538+0000] {processor.py:175} INFO - Processing /opt/airflow/dags/main.py took 0.401 seconds
[2023-03-10T22:48:02.690+0000] {processor.py:153} INFO - Started process (PID=49) to work on /opt/airflow/dags/main.py
[2023-03-10T22:48:02.696+0000] {processor.py:743} INFO - Processing file /opt/airflow/dags/main.py for tasks to queue
[2023-03-10T22:48:02.697+0000] {logging_mixin.py:137} INFO - [2023-03-10T22:48:02.697+0000] {dagbag.py:538} INFO - Filling up the DagBag from /opt/airflow/dags/main.py
[2023-03-10T22:48:03.013+0000] {processor.py:753} INFO - DAG(s) dict_keys(['projeto_agro']) retrieved from /opt/airflow/dags/main.py
[2023-03-10T22:48:03.038+0000] {logging_mixin.py:137} INFO - [2023-03-10T22:48:03.038+0000] {dag.py:2690} INFO - Sync 1 DAGs
[2023-03-10T22:48:03.065+0000] {logging_mixin.py:137} INFO - [2023-03-10T22:48:03.065+0000] {dag.py:3437} INFO - Setting next_dagrun for projeto_agro to 2023-03-10T00:00:00+00:00, run_after=2023-03-11T00:00:00+00:00
[2023-03-10T22:48:03.087+0000] {processor.py:175} INFO - Processing /opt/airflow/dags/main.py took 0.402 seconds
[2023-03-10T22:48:33.230+0000] {processor.py:153} INFO - Started process (PID=50) to work on /opt/airflow/dags/main.py
[2023-03-10T22:48:33.231+0000] {processor.py:743} INFO - Processing file /opt/airflow/dags/main.py for tasks to queue
[2023-03-10T22:48:33.232+0000] {logging_mixin.py:137} INFO - [2023-03-10T22:48:33.231+0000] {dagbag.py:538} INFO - Filling up the DagBag from /opt/airflow/dags/main.py
[2023-03-10T22:48:33.533+0000] {processor.py:753} INFO - DAG(s) dict_keys(['projeto_agro']) retrieved from /opt/airflow/dags/main.py
[2023-03-10T22:48:33.557+0000] {logging_mixin.py:137} INFO - [2023-03-10T22:48:33.557+0000] {dag.py:2690} INFO - Sync 1 DAGs
[2023-03-10T22:48:33.579+0000] {logging_mixin.py:137} INFO - [2023-03-10T22:48:33.579+0000] {dag.py:3437} INFO - Setting next_dagrun for projeto_agro to 2023-03-10T00:00:00+00:00, run_after=2023-03-11T00:00:00+00:00
[2023-03-10T22:48:33.598+0000] {processor.py:175} INFO - Processing /opt/airflow/dags/main.py took 0.371 seconds
[2023-03-10T22:49:03.857+0000] {processor.py:153} INFO - Started process (PID=51) to work on /opt/airflow/dags/main.py
[2023-03-10T22:49:03.862+0000] {processor.py:743} INFO - Processing file /opt/airflow/dags/main.py for tasks to queue
[2023-03-10T22:49:03.863+0000] {logging_mixin.py:137} INFO - [2023-03-10T22:49:03.863+0000] {dagbag.py:538} INFO - Filling up the DagBag from /opt/airflow/dags/main.py
[2023-03-10T22:49:04.093+0000] {processor.py:753} INFO - DAG(s) dict_keys(['projeto_agro']) retrieved from /opt/airflow/dags/main.py
[2023-03-10T22:49:04.119+0000] {logging_mixin.py:137} INFO - [2023-03-10T22:49:04.119+0000] {dag.py:2690} INFO - Sync 1 DAGs
[2023-03-10T22:49:04.145+0000] {logging_mixin.py:137} INFO - [2023-03-10T22:49:04.145+0000] {dag.py:3437} INFO - Setting next_dagrun for projeto_agro to 2023-03-10T00:00:00+00:00, run_after=2023-03-11T00:00:00+00:00
[2023-03-10T22:49:04.171+0000] {processor.py:175} INFO - Processing /opt/airflow/dags/main.py took 0.318 seconds
[2023-03-10T22:49:34.312+0000] {processor.py:153} INFO - Started process (PID=52) to work on /opt/airflow/dags/main.py
[2023-03-10T22:49:34.313+0000] {processor.py:743} INFO - Processing file /opt/airflow/dags/main.py for tasks to queue
[2023-03-10T22:49:34.313+0000] {logging_mixin.py:137} INFO - [2023-03-10T22:49:34.313+0000] {dagbag.py:538} INFO - Filling up the DagBag from /opt/airflow/dags/main.py
[2023-03-10T22:49:34.519+0000] {processor.py:753} INFO - DAG(s) dict_keys(['projeto_agro']) retrieved from /opt/airflow/dags/main.py
[2023-03-10T22:49:34.542+0000] {logging_mixin.py:137} INFO - [2023-03-10T22:49:34.542+0000] {dag.py:2690} INFO - Sync 1 DAGs
[2023-03-10T22:49:34.565+0000] {logging_mixin.py:137} INFO - [2023-03-10T22:49:34.565+0000] {dag.py:3437} INFO - Setting next_dagrun for projeto_agro to 2023-03-10T00:00:00+00:00, run_after=2023-03-11T00:00:00+00:00
[2023-03-10T22:49:34.588+0000] {processor.py:175} INFO - Processing /opt/airflow/dags/main.py took 0.280 seconds
[2023-03-10T22:50:04.743+0000] {processor.py:153} INFO - Started process (PID=53) to work on /opt/airflow/dags/main.py
[2023-03-10T22:50:04.749+0000] {processor.py:743} INFO - Processing file /opt/airflow/dags/main.py for tasks to queue
[2023-03-10T22:50:04.750+0000] {logging_mixin.py:137} INFO - [2023-03-10T22:50:04.749+0000] {dagbag.py:538} INFO - Filling up the DagBag from /opt/airflow/dags/main.py
[2023-03-10T22:50:04.976+0000] {processor.py:753} INFO - DAG(s) dict_keys(['projeto_agro']) retrieved from /opt/airflow/dags/main.py
[2023-03-10T22:50:05.006+0000] {logging_mixin.py:137} INFO - [2023-03-10T22:50:05.006+0000] {dag.py:2690} INFO - Sync 1 DAGs
[2023-03-10T22:50:05.029+0000] {logging_mixin.py:137} INFO - [2023-03-10T22:50:05.029+0000] {dag.py:3437} INFO - Setting next_dagrun for projeto_agro to 2023-03-10T00:00:00+00:00, run_after=2023-03-11T00:00:00+00:00
[2023-03-10T22:50:05.048+0000] {processor.py:175} INFO - Processing /opt/airflow/dags/main.py took 0.310 seconds
[2023-03-10T22:50:35.195+0000] {processor.py:153} INFO - Started process (PID=54) to work on /opt/airflow/dags/main.py
[2023-03-10T22:50:35.196+0000] {processor.py:743} INFO - Processing file /opt/airflow/dags/main.py for tasks to queue
[2023-03-10T22:50:35.197+0000] {logging_mixin.py:137} INFO - [2023-03-10T22:50:35.197+0000] {dagbag.py:538} INFO - Filling up the DagBag from /opt/airflow/dags/main.py
[2023-03-10T22:50:35.394+0000] {processor.py:753} INFO - DAG(s) dict_keys(['projeto_agro']) retrieved from /opt/airflow/dags/main.py
[2023-03-10T22:50:35.419+0000] {logging_mixin.py:137} INFO - [2023-03-10T22:50:35.419+0000] {dag.py:2690} INFO - Sync 1 DAGs
[2023-03-10T22:50:35.445+0000] {logging_mixin.py:137} INFO - [2023-03-10T22:50:35.445+0000] {dag.py:3437} INFO - Setting next_dagrun for projeto_agro to 2023-03-10T00:00:00+00:00, run_after=2023-03-11T00:00:00+00:00
[2023-03-10T22:50:35.464+0000] {processor.py:175} INFO - Processing /opt/airflow/dags/main.py took 0.273 seconds
[2023-03-10T22:51:05.612+0000] {processor.py:153} INFO - Started process (PID=55) to work on /opt/airflow/dags/main.py
[2023-03-10T22:51:05.618+0000] {processor.py:743} INFO - Processing file /opt/airflow/dags/main.py for tasks to queue
[2023-03-10T22:51:05.618+0000] {logging_mixin.py:137} INFO - [2023-03-10T22:51:05.618+0000] {dagbag.py:538} INFO - Filling up the DagBag from /opt/airflow/dags/main.py
[2023-03-10T22:51:05.838+0000] {processor.py:753} INFO - DAG(s) dict_keys(['projeto_agro']) retrieved from /opt/airflow/dags/main.py
[2023-03-10T22:51:05.868+0000] {logging_mixin.py:137} INFO - [2023-03-10T22:51:05.868+0000] {dag.py:2690} INFO - Sync 1 DAGs
[2023-03-10T22:51:05.894+0000] {logging_mixin.py:137} INFO - [2023-03-10T22:51:05.893+0000] {dag.py:3437} INFO - Setting next_dagrun for projeto_agro to 2023-03-10T00:00:00+00:00, run_after=2023-03-11T00:00:00+00:00
[2023-03-10T22:51:05.912+0000] {processor.py:175} INFO - Processing /opt/airflow/dags/main.py took 0.304 seconds
[2023-03-10T22:51:36.056+0000] {processor.py:153} INFO - Started process (PID=56) to work on /opt/airflow/dags/main.py
[2023-03-10T22:51:36.062+0000] {processor.py:743} INFO - Processing file /opt/airflow/dags/main.py for tasks to queue
[2023-03-10T22:51:36.063+0000] {logging_mixin.py:137} INFO - [2023-03-10T22:51:36.063+0000] {dagbag.py:538} INFO - Filling up the DagBag from /opt/airflow/dags/main.py
[2023-03-10T22:51:36.260+0000] {processor.py:753} INFO - DAG(s) dict_keys(['projeto_agro']) retrieved from /opt/airflow/dags/main.py
[2023-03-10T22:51:36.287+0000] {logging_mixin.py:137} INFO - [2023-03-10T22:51:36.287+0000] {dag.py:2690} INFO - Sync 1 DAGs
[2023-03-10T22:51:36.316+0000] {logging_mixin.py:137} INFO - [2023-03-10T22:51:36.316+0000] {dag.py:3437} INFO - Setting next_dagrun for projeto_agro to 2023-03-10T00:00:00+00:00, run_after=2023-03-11T00:00:00+00:00
[2023-03-10T22:51:36.336+0000] {processor.py:175} INFO - Processing /opt/airflow/dags/main.py took 0.284 seconds
[2023-03-10T22:52:06.474+0000] {processor.py:153} INFO - Started process (PID=57) to work on /opt/airflow/dags/main.py
[2023-03-10T22:52:06.479+0000] {processor.py:743} INFO - Processing file /opt/airflow/dags/main.py for tasks to queue
[2023-03-10T22:52:06.481+0000] {logging_mixin.py:137} INFO - [2023-03-10T22:52:06.480+0000] {dagbag.py:538} INFO - Filling up the DagBag from /opt/airflow/dags/main.py
[2023-03-10T22:52:06.771+0000] {processor.py:753} INFO - DAG(s) dict_keys(['projeto_agro']) retrieved from /opt/airflow/dags/main.py
[2023-03-10T22:52:06.800+0000] {logging_mixin.py:137} INFO - [2023-03-10T22:52:06.799+0000] {dag.py:2690} INFO - Sync 1 DAGs
[2023-03-10T22:52:06.835+0000] {logging_mixin.py:137} INFO - [2023-03-10T22:52:06.835+0000] {dag.py:3437} INFO - Setting next_dagrun for projeto_agro to 2023-03-10T00:00:00+00:00, run_after=2023-03-11T00:00:00+00:00
[2023-03-10T22:52:06.877+0000] {processor.py:175} INFO - Processing /opt/airflow/dags/main.py took 0.407 seconds
[2023-03-10T22:52:37.026+0000] {processor.py:153} INFO - Started process (PID=58) to work on /opt/airflow/dags/main.py
[2023-03-10T22:52:37.026+0000] {processor.py:743} INFO - Processing file /opt/airflow/dags/main.py for tasks to queue
[2023-03-10T22:52:37.027+0000] {logging_mixin.py:137} INFO - [2023-03-10T22:52:37.027+0000] {dagbag.py:538} INFO - Filling up the DagBag from /opt/airflow/dags/main.py
[2023-03-10T22:52:37.258+0000] {processor.py:753} INFO - DAG(s) dict_keys(['projeto_agro']) retrieved from /opt/airflow/dags/main.py
[2023-03-10T22:52:37.284+0000] {logging_mixin.py:137} INFO - [2023-03-10T22:52:37.284+0000] {dag.py:2690} INFO - Sync 1 DAGs
[2023-03-10T22:52:37.309+0000] {logging_mixin.py:137} INFO - [2023-03-10T22:52:37.309+0000] {dag.py:3437} INFO - Setting next_dagrun for projeto_agro to 2023-03-10T00:00:00+00:00, run_after=2023-03-11T00:00:00+00:00
[2023-03-10T22:52:37.334+0000] {processor.py:175} INFO - Processing /opt/airflow/dags/main.py took 0.311 seconds
[2023-03-10T22:53:07.485+0000] {processor.py:153} INFO - Started process (PID=59) to work on /opt/airflow/dags/main.py
[2023-03-10T22:53:07.491+0000] {processor.py:743} INFO - Processing file /opt/airflow/dags/main.py for tasks to queue
[2023-03-10T22:53:07.491+0000] {logging_mixin.py:137} INFO - [2023-03-10T22:53:07.491+0000] {dagbag.py:538} INFO - Filling up the DagBag from /opt/airflow/dags/main.py
[2023-03-10T22:53:07.735+0000] {processor.py:753} INFO - DAG(s) dict_keys(['projeto_agro']) retrieved from /opt/airflow/dags/main.py
[2023-03-10T22:53:07.762+0000] {logging_mixin.py:137} INFO - [2023-03-10T22:53:07.762+0000] {dag.py:2690} INFO - Sync 1 DAGs
[2023-03-10T22:53:07.789+0000] {logging_mixin.py:137} INFO - [2023-03-10T22:53:07.789+0000] {dag.py:3437} INFO - Setting next_dagrun for projeto_agro to 2023-03-10T00:00:00+00:00, run_after=2023-03-11T00:00:00+00:00
[2023-03-10T22:53:07.817+0000] {processor.py:175} INFO - Processing /opt/airflow/dags/main.py took 0.335 seconds
[2023-03-10T22:53:28.376+0000] {processor.py:153} INFO - Started process (PID=18) to work on /opt/airflow/dags/main.py
[2023-03-10T22:53:28.380+0000] {processor.py:743} INFO - Processing file /opt/airflow/dags/main.py for tasks to queue
[2023-03-10T22:53:28.381+0000] {logging_mixin.py:137} INFO - [2023-03-10T22:53:28.381+0000] {dagbag.py:538} INFO - Filling up the DagBag from /opt/airflow/dags/main.py
[2023-03-10T22:53:28.966+0000] {processor.py:753} INFO - DAG(s) dict_keys(['projeto_agro']) retrieved from /opt/airflow/dags/main.py
[2023-03-10T22:53:29.004+0000] {logging_mixin.py:137} INFO - [2023-03-10T22:53:29.004+0000] {dag.py:2690} INFO - Sync 1 DAGs
[2023-03-10T22:53:29.029+0000] {logging_mixin.py:137} INFO - [2023-03-10T22:53:29.029+0000] {dag.py:3437} INFO - Setting next_dagrun for projeto_agro to 2023-03-10T00:00:00+00:00, run_after=2023-03-11T00:00:00+00:00
[2023-03-10T22:53:29.053+0000] {processor.py:175} INFO - Processing /opt/airflow/dags/main.py took 0.690 seconds
[2023-03-10T22:53:59.208+0000] {processor.py:153} INFO - Started process (PID=28) to work on /opt/airflow/dags/main.py
[2023-03-10T22:53:59.213+0000] {processor.py:743} INFO - Processing file /opt/airflow/dags/main.py for tasks to queue
[2023-03-10T22:53:59.214+0000] {logging_mixin.py:137} INFO - [2023-03-10T22:53:59.214+0000] {dagbag.py:538} INFO - Filling up the DagBag from /opt/airflow/dags/main.py
[2023-03-10T22:53:59.499+0000] {processor.py:753} INFO - DAG(s) dict_keys(['projeto_agro']) retrieved from /opt/airflow/dags/main.py
[2023-03-10T22:53:59.521+0000] {logging_mixin.py:137} INFO - [2023-03-10T22:53:59.520+0000] {dag.py:2690} INFO - Sync 1 DAGs
[2023-03-10T22:53:59.542+0000] {logging_mixin.py:137} INFO - [2023-03-10T22:53:59.542+0000] {dag.py:3437} INFO - Setting next_dagrun for projeto_agro to 2023-03-10T00:00:00+00:00, run_after=2023-03-11T00:00:00+00:00
[2023-03-10T22:53:59.565+0000] {processor.py:175} INFO - Processing /opt/airflow/dags/main.py took 0.361 seconds
[2023-03-10T22:54:29.672+0000] {processor.py:153} INFO - Started process (PID=29) to work on /opt/airflow/dags/main.py
[2023-03-10T22:54:29.678+0000] {processor.py:743} INFO - Processing file /opt/airflow/dags/main.py for tasks to queue
[2023-03-10T22:54:29.679+0000] {logging_mixin.py:137} INFO - [2023-03-10T22:54:29.679+0000] {dagbag.py:538} INFO - Filling up the DagBag from /opt/airflow/dags/main.py
[2023-03-10T22:54:29.960+0000] {processor.py:753} INFO - DAG(s) dict_keys(['projeto_agro']) retrieved from /opt/airflow/dags/main.py
[2023-03-10T22:54:29.981+0000] {logging_mixin.py:137} INFO - [2023-03-10T22:54:29.981+0000] {dag.py:2690} INFO - Sync 1 DAGs
[2023-03-10T22:54:30.004+0000] {logging_mixin.py:137} INFO - [2023-03-10T22:54:30.003+0000] {dag.py:3437} INFO - Setting next_dagrun for projeto_agro to 2023-03-10T00:00:00+00:00, run_after=2023-03-11T00:00:00+00:00
[2023-03-10T22:54:30.026+0000] {processor.py:175} INFO - Processing /opt/airflow/dags/main.py took 0.358 seconds
[2023-03-10T22:55:00.128+0000] {processor.py:153} INFO - Started process (PID=30) to work on /opt/airflow/dags/main.py
[2023-03-10T22:55:00.131+0000] {processor.py:743} INFO - Processing file /opt/airflow/dags/main.py for tasks to queue
[2023-03-10T22:55:00.134+0000] {logging_mixin.py:137} INFO - [2023-03-10T22:55:00.133+0000] {dagbag.py:538} INFO - Filling up the DagBag from /opt/airflow/dags/main.py
[2023-03-10T22:55:00.656+0000] {processor.py:753} INFO - DAG(s) dict_keys(['projeto_agro']) retrieved from /opt/airflow/dags/main.py
[2023-03-10T22:55:00.683+0000] {logging_mixin.py:137} INFO - [2023-03-10T22:55:00.683+0000] {dag.py:2690} INFO - Sync 1 DAGs
[2023-03-10T22:55:00.706+0000] {logging_mixin.py:137} INFO - [2023-03-10T22:55:00.706+0000] {dag.py:3437} INFO - Setting next_dagrun for projeto_agro to 2023-03-10T00:00:00+00:00, run_after=2023-03-11T00:00:00+00:00
[2023-03-10T22:55:00.722+0000] {processor.py:175} INFO - Processing /opt/airflow/dags/main.py took 0.608 seconds
[2023-03-10T22:55:30.881+0000] {processor.py:153} INFO - Started process (PID=31) to work on /opt/airflow/dags/main.py
[2023-03-10T22:55:30.882+0000] {processor.py:743} INFO - Processing file /opt/airflow/dags/main.py for tasks to queue
[2023-03-10T22:55:30.882+0000] {logging_mixin.py:137} INFO - [2023-03-10T22:55:30.882+0000] {dagbag.py:538} INFO - Filling up the DagBag from /opt/airflow/dags/main.py
[2023-03-10T22:55:31.185+0000] {processor.py:753} INFO - DAG(s) dict_keys(['projeto_agro']) retrieved from /opt/airflow/dags/main.py
[2023-03-10T22:55:31.208+0000] {logging_mixin.py:137} INFO - [2023-03-10T22:55:31.208+0000] {dag.py:2690} INFO - Sync 1 DAGs
[2023-03-10T22:55:31.230+0000] {logging_mixin.py:137} INFO - [2023-03-10T22:55:31.229+0000] {dag.py:3437} INFO - Setting next_dagrun for projeto_agro to 2023-03-10T00:00:00+00:00, run_after=2023-03-11T00:00:00+00:00
[2023-03-10T22:55:31.246+0000] {processor.py:175} INFO - Processing /opt/airflow/dags/main.py took 0.369 seconds
[2023-03-10T22:56:01.411+0000] {processor.py:153} INFO - Started process (PID=32) to work on /opt/airflow/dags/main.py
[2023-03-10T22:56:01.417+0000] {processor.py:743} INFO - Processing file /opt/airflow/dags/main.py for tasks to queue
[2023-03-10T22:56:01.417+0000] {logging_mixin.py:137} INFO - [2023-03-10T22:56:01.417+0000] {dagbag.py:538} INFO - Filling up the DagBag from /opt/airflow/dags/main.py
[2023-03-10T22:56:01.776+0000] {processor.py:753} INFO - DAG(s) dict_keys(['projeto_agro']) retrieved from /opt/airflow/dags/main.py
[2023-03-10T22:56:01.801+0000] {logging_mixin.py:137} INFO - [2023-03-10T22:56:01.801+0000] {dag.py:2690} INFO - Sync 1 DAGs
[2023-03-10T22:56:01.825+0000] {logging_mixin.py:137} INFO - [2023-03-10T22:56:01.825+0000] {dag.py:3437} INFO - Setting next_dagrun for projeto_agro to 2023-03-10T00:00:00+00:00, run_after=2023-03-11T00:00:00+00:00
[2023-03-10T22:56:01.848+0000] {processor.py:175} INFO - Processing /opt/airflow/dags/main.py took 0.441 seconds
[2023-03-10T22:56:32.006+0000] {processor.py:153} INFO - Started process (PID=33) to work on /opt/airflow/dags/main.py
[2023-03-10T22:56:32.011+0000] {processor.py:743} INFO - Processing file /opt/airflow/dags/main.py for tasks to queue
[2023-03-10T22:56:32.012+0000] {logging_mixin.py:137} INFO - [2023-03-10T22:56:32.012+0000] {dagbag.py:538} INFO - Filling up the DagBag from /opt/airflow/dags/main.py
[2023-03-10T22:56:32.306+0000] {processor.py:753} INFO - DAG(s) dict_keys(['projeto_agro']) retrieved from /opt/airflow/dags/main.py
[2023-03-10T22:56:32.328+0000] {logging_mixin.py:137} INFO - [2023-03-10T22:56:32.328+0000] {dag.py:2690} INFO - Sync 1 DAGs
[2023-03-10T22:56:32.351+0000] {logging_mixin.py:137} INFO - [2023-03-10T22:56:32.351+0000] {dag.py:3437} INFO - Setting next_dagrun for projeto_agro to 2023-03-10T00:00:00+00:00, run_after=2023-03-11T00:00:00+00:00
[2023-03-10T22:56:32.370+0000] {processor.py:175} INFO - Processing /opt/airflow/dags/main.py took 0.368 seconds
[2023-03-10T22:57:02.510+0000] {processor.py:153} INFO - Started process (PID=43) to work on /opt/airflow/dags/main.py
[2023-03-10T22:57:02.516+0000] {processor.py:743} INFO - Processing file /opt/airflow/dags/main.py for tasks to queue
[2023-03-10T22:57:02.517+0000] {logging_mixin.py:137} INFO - [2023-03-10T22:57:02.517+0000] {dagbag.py:538} INFO - Filling up the DagBag from /opt/airflow/dags/main.py
[2023-03-10T22:57:02.818+0000] {processor.py:753} INFO - DAG(s) dict_keys(['projeto_agro']) retrieved from /opt/airflow/dags/main.py
[2023-03-10T22:57:02.840+0000] {logging_mixin.py:137} INFO - [2023-03-10T22:57:02.840+0000] {dag.py:2690} INFO - Sync 1 DAGs
[2023-03-10T22:57:02.861+0000] {logging_mixin.py:137} INFO - [2023-03-10T22:57:02.861+0000] {dag.py:3437} INFO - Setting next_dagrun for projeto_agro to 2023-03-10T00:00:00+00:00, run_after=2023-03-11T00:00:00+00:00
[2023-03-10T22:57:02.888+0000] {processor.py:175} INFO - Processing /opt/airflow/dags/main.py took 0.381 seconds
[2023-03-10T22:57:33.054+0000] {processor.py:153} INFO - Started process (PID=44) to work on /opt/airflow/dags/main.py
[2023-03-10T22:57:33.055+0000] {processor.py:743} INFO - Processing file /opt/airflow/dags/main.py for tasks to queue
[2023-03-10T22:57:33.056+0000] {logging_mixin.py:137} INFO - [2023-03-10T22:57:33.056+0000] {dagbag.py:538} INFO - Filling up the DagBag from /opt/airflow/dags/main.py
[2023-03-10T22:57:33.668+0000] {processor.py:753} INFO - DAG(s) dict_keys(['projeto_agro']) retrieved from /opt/airflow/dags/main.py
[2023-03-10T22:57:33.704+0000] {logging_mixin.py:137} INFO - [2023-03-10T22:57:33.704+0000] {dag.py:2690} INFO - Sync 1 DAGs
[2023-03-10T22:57:33.749+0000] {logging_mixin.py:137} INFO - [2023-03-10T22:57:33.749+0000] {dag.py:3437} INFO - Setting next_dagrun for projeto_agro to 2023-03-10T00:00:00+00:00, run_after=2023-03-11T00:00:00+00:00
[2023-03-10T22:57:33.778+0000] {processor.py:175} INFO - Processing /opt/airflow/dags/main.py took 0.731 seconds
[2023-03-10T22:58:03.931+0000] {processor.py:153} INFO - Started process (PID=45) to work on /opt/airflow/dags/main.py
[2023-03-10T22:58:03.932+0000] {processor.py:743} INFO - Processing file /opt/airflow/dags/main.py for tasks to queue
[2023-03-10T22:58:03.933+0000] {logging_mixin.py:137} INFO - [2023-03-10T22:58:03.933+0000] {dagbag.py:538} INFO - Filling up the DagBag from /opt/airflow/dags/main.py
[2023-03-10T22:58:04.263+0000] {processor.py:753} INFO - DAG(s) dict_keys(['projeto_agro']) retrieved from /opt/airflow/dags/main.py
[2023-03-10T22:58:04.286+0000] {logging_mixin.py:137} INFO - [2023-03-10T22:58:04.286+0000] {dag.py:2690} INFO - Sync 1 DAGs
[2023-03-10T22:58:04.310+0000] {logging_mixin.py:137} INFO - [2023-03-10T22:58:04.309+0000] {dag.py:3437} INFO - Setting next_dagrun for projeto_agro to 2023-03-10T00:00:00+00:00, run_after=2023-03-11T00:00:00+00:00
[2023-03-10T22:58:04.327+0000] {processor.py:175} INFO - Processing /opt/airflow/dags/main.py took 0.404 seconds
[2023-03-10T22:58:34.531+0000] {processor.py:153} INFO - Started process (PID=46) to work on /opt/airflow/dags/main.py
[2023-03-10T22:58:34.532+0000] {processor.py:743} INFO - Processing file /opt/airflow/dags/main.py for tasks to queue
[2023-03-10T22:58:34.533+0000] {logging_mixin.py:137} INFO - [2023-03-10T22:58:34.532+0000] {dagbag.py:538} INFO - Filling up the DagBag from /opt/airflow/dags/main.py
[2023-03-10T22:58:35.123+0000] {processor.py:753} INFO - DAG(s) dict_keys(['projeto_agro']) retrieved from /opt/airflow/dags/main.py
[2023-03-10T22:58:35.153+0000] {logging_mixin.py:137} INFO - [2023-03-10T22:58:35.152+0000] {dag.py:2690} INFO - Sync 1 DAGs
[2023-03-10T22:58:35.181+0000] {logging_mixin.py:137} INFO - [2023-03-10T22:58:35.181+0000] {dag.py:3437} INFO - Setting next_dagrun for projeto_agro to 2023-03-10T00:00:00+00:00, run_after=2023-03-11T00:00:00+00:00
[2023-03-10T22:58:35.203+0000] {processor.py:175} INFO - Processing /opt/airflow/dags/main.py took 0.678 seconds
[2023-03-10T22:59:05.346+0000] {processor.py:153} INFO - Started process (PID=47) to work on /opt/airflow/dags/main.py
[2023-03-10T22:59:05.355+0000] {processor.py:743} INFO - Processing file /opt/airflow/dags/main.py for tasks to queue
[2023-03-10T22:59:05.356+0000] {logging_mixin.py:137} INFO - [2023-03-10T22:59:05.356+0000] {dagbag.py:538} INFO - Filling up the DagBag from /opt/airflow/dags/main.py
[2023-03-10T22:59:05.722+0000] {processor.py:753} INFO - DAG(s) dict_keys(['projeto_agro']) retrieved from /opt/airflow/dags/main.py
[2023-03-10T22:59:05.745+0000] {logging_mixin.py:137} INFO - [2023-03-10T22:59:05.745+0000] {dag.py:2690} INFO - Sync 1 DAGs
[2023-03-10T22:59:05.766+0000] {logging_mixin.py:137} INFO - [2023-03-10T22:59:05.766+0000] {dag.py:3437} INFO - Setting next_dagrun for projeto_agro to 2023-03-10T00:00:00+00:00, run_after=2023-03-11T00:00:00+00:00
[2023-03-10T22:59:05.793+0000] {processor.py:175} INFO - Processing /opt/airflow/dags/main.py took 0.451 seconds
[2023-03-10T22:59:35.953+0000] {processor.py:153} INFO - Started process (PID=48) to work on /opt/airflow/dags/main.py
[2023-03-10T22:59:35.954+0000] {processor.py:743} INFO - Processing file /opt/airflow/dags/main.py for tasks to queue
[2023-03-10T22:59:35.955+0000] {logging_mixin.py:137} INFO - [2023-03-10T22:59:35.955+0000] {dagbag.py:538} INFO - Filling up the DagBag from /opt/airflow/dags/main.py
[2023-03-10T22:59:36.265+0000] {processor.py:753} INFO - DAG(s) dict_keys(['projeto_agro']) retrieved from /opt/airflow/dags/main.py
[2023-03-10T22:59:36.291+0000] {logging_mixin.py:137} INFO - [2023-03-10T22:59:36.290+0000] {dag.py:2690} INFO - Sync 1 DAGs
[2023-03-10T22:59:36.315+0000] {logging_mixin.py:137} INFO - [2023-03-10T22:59:36.315+0000] {dag.py:3437} INFO - Setting next_dagrun for projeto_agro to 2023-03-10T00:00:00+00:00, run_after=2023-03-11T00:00:00+00:00
[2023-03-10T22:59:36.333+0000] {processor.py:175} INFO - Processing /opt/airflow/dags/main.py took 0.385 seconds
[2023-03-10T23:00:06.480+0000] {processor.py:153} INFO - Started process (PID=49) to work on /opt/airflow/dags/main.py
[2023-03-10T23:00:06.487+0000] {processor.py:743} INFO - Processing file /opt/airflow/dags/main.py for tasks to queue
[2023-03-10T23:00:06.488+0000] {logging_mixin.py:137} INFO - [2023-03-10T23:00:06.488+0000] {dagbag.py:538} INFO - Filling up the DagBag from /opt/airflow/dags/main.py
[2023-03-10T23:00:06.785+0000] {processor.py:753} INFO - DAG(s) dict_keys(['projeto_agro']) retrieved from /opt/airflow/dags/main.py
[2023-03-10T23:00:06.807+0000] {logging_mixin.py:137} INFO - [2023-03-10T23:00:06.806+0000] {dag.py:2690} INFO - Sync 1 DAGs
[2023-03-10T23:00:06.830+0000] {logging_mixin.py:137} INFO - [2023-03-10T23:00:06.829+0000] {dag.py:3437} INFO - Setting next_dagrun for projeto_agro to 2023-03-10T00:00:00+00:00, run_after=2023-03-11T00:00:00+00:00
[2023-03-10T23:00:06.853+0000] {processor.py:175} INFO - Processing /opt/airflow/dags/main.py took 0.378 seconds
[2023-03-10T23:00:37.005+0000] {processor.py:153} INFO - Started process (PID=50) to work on /opt/airflow/dags/main.py
[2023-03-10T23:00:37.010+0000] {processor.py:743} INFO - Processing file /opt/airflow/dags/main.py for tasks to queue
[2023-03-10T23:00:37.011+0000] {logging_mixin.py:137} INFO - [2023-03-10T23:00:37.011+0000] {dagbag.py:538} INFO - Filling up the DagBag from /opt/airflow/dags/main.py
[2023-03-10T23:00:37.308+0000] {processor.py:753} INFO - DAG(s) dict_keys(['projeto_agro']) retrieved from /opt/airflow/dags/main.py
[2023-03-10T23:00:37.331+0000] {logging_mixin.py:137} INFO - [2023-03-10T23:00:37.331+0000] {dag.py:2690} INFO - Sync 1 DAGs
[2023-03-10T23:00:37.359+0000] {logging_mixin.py:137} INFO - [2023-03-10T23:00:37.358+0000] {dag.py:3437} INFO - Setting next_dagrun for projeto_agro to 2023-03-10T00:00:00+00:00, run_after=2023-03-11T00:00:00+00:00
[2023-03-10T23:00:37.382+0000] {processor.py:175} INFO - Processing /opt/airflow/dags/main.py took 0.381 seconds
[2023-03-10T23:01:07.544+0000] {processor.py:153} INFO - Started process (PID=51) to work on /opt/airflow/dags/main.py
[2023-03-10T23:01:07.549+0000] {processor.py:743} INFO - Processing file /opt/airflow/dags/main.py for tasks to queue
[2023-03-10T23:01:07.550+0000] {logging_mixin.py:137} INFO - [2023-03-10T23:01:07.550+0000] {dagbag.py:538} INFO - Filling up the DagBag from /opt/airflow/dags/main.py
[2023-03-10T23:01:07.854+0000] {processor.py:753} INFO - DAG(s) dict_keys(['projeto_agro']) retrieved from /opt/airflow/dags/main.py
[2023-03-10T23:01:07.877+0000] {logging_mixin.py:137} INFO - [2023-03-10T23:01:07.877+0000] {dag.py:2690} INFO - Sync 1 DAGs
[2023-03-10T23:01:07.898+0000] {logging_mixin.py:137} INFO - [2023-03-10T23:01:07.898+0000] {dag.py:3437} INFO - Setting next_dagrun for projeto_agro to 2023-03-10T00:00:00+00:00, run_after=2023-03-11T00:00:00+00:00
[2023-03-10T23:01:07.921+0000] {processor.py:175} INFO - Processing /opt/airflow/dags/main.py took 0.381 seconds
[2023-03-10T23:01:38.070+0000] {processor.py:153} INFO - Started process (PID=52) to work on /opt/airflow/dags/main.py
[2023-03-10T23:01:38.071+0000] {processor.py:743} INFO - Processing file /opt/airflow/dags/main.py for tasks to queue
[2023-03-10T23:01:38.072+0000] {logging_mixin.py:137} INFO - [2023-03-10T23:01:38.072+0000] {dagbag.py:538} INFO - Filling up the DagBag from /opt/airflow/dags/main.py
[2023-03-10T23:01:38.282+0000] {processor.py:753} INFO - DAG(s) dict_keys(['projeto_agro']) retrieved from /opt/airflow/dags/main.py
[2023-03-10T23:01:38.306+0000] {logging_mixin.py:137} INFO - [2023-03-10T23:01:38.306+0000] {dag.py:2690} INFO - Sync 1 DAGs
[2023-03-10T23:01:38.329+0000] {logging_mixin.py:137} INFO - [2023-03-10T23:01:38.329+0000] {dag.py:3437} INFO - Setting next_dagrun for projeto_agro to 2023-03-10T00:00:00+00:00, run_after=2023-03-11T00:00:00+00:00
[2023-03-10T23:01:38.348+0000] {processor.py:175} INFO - Processing /opt/airflow/dags/main.py took 0.280 seconds
[2023-03-10T23:02:08.508+0000] {processor.py:153} INFO - Started process (PID=53) to work on /opt/airflow/dags/main.py
[2023-03-10T23:02:08.509+0000] {processor.py:743} INFO - Processing file /opt/airflow/dags/main.py for tasks to queue
[2023-03-10T23:02:08.510+0000] {logging_mixin.py:137} INFO - [2023-03-10T23:02:08.510+0000] {dagbag.py:538} INFO - Filling up the DagBag from /opt/airflow/dags/main.py
[2023-03-10T23:02:09.011+0000] {processor.py:753} INFO - DAG(s) dict_keys(['projeto_agro']) retrieved from /opt/airflow/dags/main.py
[2023-03-10T23:02:09.077+0000] {logging_mixin.py:137} INFO - [2023-03-10T23:02:09.077+0000] {dag.py:2690} INFO - Sync 1 DAGs
[2023-03-10T23:02:09.140+0000] {logging_mixin.py:137} INFO - [2023-03-10T23:02:09.140+0000] {dag.py:3437} INFO - Setting next_dagrun for projeto_agro to 2023-03-10T00:00:00+00:00, run_after=2023-03-11T00:00:00+00:00
[2023-03-10T23:02:09.212+0000] {processor.py:175} INFO - Processing /opt/airflow/dags/main.py took 0.711 seconds
[2023-03-10T23:02:39.381+0000] {processor.py:153} INFO - Started process (PID=54) to work on /opt/airflow/dags/main.py
[2023-03-10T23:02:39.382+0000] {processor.py:743} INFO - Processing file /opt/airflow/dags/main.py for tasks to queue
[2023-03-10T23:02:39.384+0000] {logging_mixin.py:137} INFO - [2023-03-10T23:02:39.384+0000] {dagbag.py:538} INFO - Filling up the DagBag from /opt/airflow/dags/main.py
[2023-03-10T23:02:39.760+0000] {processor.py:753} INFO - DAG(s) dict_keys(['projeto_agro']) retrieved from /opt/airflow/dags/main.py
[2023-03-10T23:02:39.795+0000] {logging_mixin.py:137} INFO - [2023-03-10T23:02:39.794+0000] {dag.py:2690} INFO - Sync 1 DAGs
[2023-03-10T23:02:39.831+0000] {logging_mixin.py:137} INFO - [2023-03-10T23:02:39.831+0000] {dag.py:3437} INFO - Setting next_dagrun for projeto_agro to 2023-03-10T00:00:00+00:00, run_after=2023-03-11T00:00:00+00:00
[2023-03-10T23:02:39.873+0000] {processor.py:175} INFO - Processing /opt/airflow/dags/main.py took 0.495 seconds
[2023-03-10T23:03:10.044+0000] {processor.py:153} INFO - Started process (PID=55) to work on /opt/airflow/dags/main.py
[2023-03-10T23:03:10.045+0000] {processor.py:743} INFO - Processing file /opt/airflow/dags/main.py for tasks to queue
[2023-03-10T23:03:10.046+0000] {logging_mixin.py:137} INFO - [2023-03-10T23:03:10.046+0000] {dagbag.py:538} INFO - Filling up the DagBag from /opt/airflow/dags/main.py
[2023-03-10T23:03:10.298+0000] {processor.py:753} INFO - DAG(s) dict_keys(['projeto_agro']) retrieved from /opt/airflow/dags/main.py
[2023-03-10T23:03:10.324+0000] {logging_mixin.py:137} INFO - [2023-03-10T23:03:10.324+0000] {dag.py:2690} INFO - Sync 1 DAGs
[2023-03-10T23:03:10.348+0000] {logging_mixin.py:137} INFO - [2023-03-10T23:03:10.348+0000] {dag.py:3437} INFO - Setting next_dagrun for projeto_agro to 2023-03-10T00:00:00+00:00, run_after=2023-03-11T00:00:00+00:00
[2023-03-10T23:03:10.367+0000] {processor.py:175} INFO - Processing /opt/airflow/dags/main.py took 0.327 seconds
[2023-03-10T23:03:40.532+0000] {processor.py:153} INFO - Started process (PID=56) to work on /opt/airflow/dags/main.py
[2023-03-10T23:03:40.538+0000] {processor.py:743} INFO - Processing file /opt/airflow/dags/main.py for tasks to queue
[2023-03-10T23:03:40.539+0000] {logging_mixin.py:137} INFO - [2023-03-10T23:03:40.539+0000] {dagbag.py:538} INFO - Filling up the DagBag from /opt/airflow/dags/main.py
[2023-03-10T23:03:40.741+0000] {processor.py:753} INFO - DAG(s) dict_keys(['projeto_agro']) retrieved from /opt/airflow/dags/main.py
[2023-03-10T23:03:40.764+0000] {logging_mixin.py:137} INFO - [2023-03-10T23:03:40.764+0000] {dag.py:2690} INFO - Sync 1 DAGs
[2023-03-10T23:03:40.787+0000] {logging_mixin.py:137} INFO - [2023-03-10T23:03:40.786+0000] {dag.py:3437} INFO - Setting next_dagrun for projeto_agro to 2023-03-10T00:00:00+00:00, run_after=2023-03-11T00:00:00+00:00
[2023-03-10T23:03:40.810+0000] {processor.py:175} INFO - Processing /opt/airflow/dags/main.py took 0.283 seconds
[2023-03-10T23:04:10.955+0000] {processor.py:153} INFO - Started process (PID=66) to work on /opt/airflow/dags/main.py
[2023-03-10T23:04:10.955+0000] {processor.py:743} INFO - Processing file /opt/airflow/dags/main.py for tasks to queue
[2023-03-10T23:04:10.956+0000] {logging_mixin.py:137} INFO - [2023-03-10T23:04:10.956+0000] {dagbag.py:538} INFO - Filling up the DagBag from /opt/airflow/dags/main.py
[2023-03-10T23:04:11.191+0000] {processor.py:753} INFO - DAG(s) dict_keys(['projeto_agro']) retrieved from /opt/airflow/dags/main.py
[2023-03-10T23:04:11.219+0000] {logging_mixin.py:137} INFO - [2023-03-10T23:04:11.219+0000] {dag.py:2690} INFO - Sync 1 DAGs
[2023-03-10T23:04:11.246+0000] {logging_mixin.py:137} INFO - [2023-03-10T23:04:11.245+0000] {dag.py:3437} INFO - Setting next_dagrun for projeto_agro to 2023-03-10T00:00:00+00:00, run_after=2023-03-11T00:00:00+00:00
[2023-03-10T23:04:11.273+0000] {processor.py:175} INFO - Processing /opt/airflow/dags/main.py took 0.321 seconds
[2023-03-10T23:04:41.404+0000] {processor.py:153} INFO - Started process (PID=67) to work on /opt/airflow/dags/main.py
[2023-03-10T23:04:41.405+0000] {processor.py:743} INFO - Processing file /opt/airflow/dags/main.py for tasks to queue
[2023-03-10T23:04:41.406+0000] {logging_mixin.py:137} INFO - [2023-03-10T23:04:41.406+0000] {dagbag.py:538} INFO - Filling up the DagBag from /opt/airflow/dags/main.py
[2023-03-10T23:04:41.637+0000] {processor.py:753} INFO - DAG(s) dict_keys(['projeto_agro']) retrieved from /opt/airflow/dags/main.py
[2023-03-10T23:04:41.664+0000] {logging_mixin.py:137} INFO - [2023-03-10T23:04:41.664+0000] {dag.py:2690} INFO - Sync 1 DAGs
[2023-03-10T23:04:41.691+0000] {logging_mixin.py:137} INFO - [2023-03-10T23:04:41.691+0000] {dag.py:3437} INFO - Setting next_dagrun for projeto_agro to 2023-03-10T00:00:00+00:00, run_after=2023-03-11T00:00:00+00:00
[2023-03-10T23:04:41.712+0000] {processor.py:175} INFO - Processing /opt/airflow/dags/main.py took 0.311 seconds
[2023-03-10T23:05:11.854+0000] {processor.py:153} INFO - Started process (PID=68) to work on /opt/airflow/dags/main.py
[2023-03-10T23:05:11.860+0000] {processor.py:743} INFO - Processing file /opt/airflow/dags/main.py for tasks to queue
[2023-03-10T23:05:11.861+0000] {logging_mixin.py:137} INFO - [2023-03-10T23:05:11.861+0000] {dagbag.py:538} INFO - Filling up the DagBag from /opt/airflow/dags/main.py
[2023-03-10T23:05:12.092+0000] {processor.py:753} INFO - DAG(s) dict_keys(['projeto_agro']) retrieved from /opt/airflow/dags/main.py
[2023-03-10T23:05:12.118+0000] {logging_mixin.py:137} INFO - [2023-03-10T23:05:12.118+0000] {dag.py:2690} INFO - Sync 1 DAGs
[2023-03-10T23:05:12.144+0000] {logging_mixin.py:137} INFO - [2023-03-10T23:05:12.144+0000] {dag.py:3437} INFO - Setting next_dagrun for projeto_agro to 2023-03-10T00:00:00+00:00, run_after=2023-03-11T00:00:00+00:00
[2023-03-10T23:05:12.169+0000] {processor.py:175} INFO - Processing /opt/airflow/dags/main.py took 0.319 seconds
[2023-03-10T23:05:42.411+0000] {processor.py:153} INFO - Started process (PID=69) to work on /opt/airflow/dags/main.py
[2023-03-10T23:05:42.412+0000] {processor.py:743} INFO - Processing file /opt/airflow/dags/main.py for tasks to queue
[2023-03-10T23:05:42.415+0000] {logging_mixin.py:137} INFO - [2023-03-10T23:05:42.415+0000] {dagbag.py:538} INFO - Filling up the DagBag from /opt/airflow/dags/main.py
[2023-03-10T23:05:43.007+0000] {processor.py:753} INFO - DAG(s) dict_keys(['projeto_agro']) retrieved from /opt/airflow/dags/main.py
[2023-03-10T23:05:43.076+0000] {logging_mixin.py:137} INFO - [2023-03-10T23:05:43.076+0000] {dag.py:2690} INFO - Sync 1 DAGs
[2023-03-10T23:05:43.154+0000] {logging_mixin.py:137} INFO - [2023-03-10T23:05:43.154+0000] {dag.py:3437} INFO - Setting next_dagrun for projeto_agro to 2023-03-10T00:00:00+00:00, run_after=2023-03-11T00:00:00+00:00
[2023-03-10T23:05:43.192+0000] {processor.py:175} INFO - Processing /opt/airflow/dags/main.py took 0.790 seconds
[2023-03-10T23:06:13.310+0000] {processor.py:153} INFO - Started process (PID=70) to work on /opt/airflow/dags/main.py
[2023-03-10T23:06:13.316+0000] {processor.py:743} INFO - Processing file /opt/airflow/dags/main.py for tasks to queue
[2023-03-10T23:06:13.317+0000] {logging_mixin.py:137} INFO - [2023-03-10T23:06:13.317+0000] {dagbag.py:538} INFO - Filling up the DagBag from /opt/airflow/dags/main.py
[2023-03-10T23:06:13.578+0000] {processor.py:753} INFO - DAG(s) dict_keys(['projeto_agro']) retrieved from /opt/airflow/dags/main.py
[2023-03-10T23:06:13.608+0000] {logging_mixin.py:137} INFO - [2023-03-10T23:06:13.608+0000] {dag.py:2690} INFO - Sync 1 DAGs
[2023-03-10T23:06:13.640+0000] {logging_mixin.py:137} INFO - [2023-03-10T23:06:13.640+0000] {dag.py:3437} INFO - Setting next_dagrun for projeto_agro to 2023-03-10T00:00:00+00:00, run_after=2023-03-11T00:00:00+00:00
[2023-03-10T23:06:13.666+0000] {processor.py:175} INFO - Processing /opt/airflow/dags/main.py took 0.358 seconds
[2023-03-10T23:06:43.805+0000] {processor.py:153} INFO - Started process (PID=71) to work on /opt/airflow/dags/main.py
[2023-03-10T23:06:43.806+0000] {processor.py:743} INFO - Processing file /opt/airflow/dags/main.py for tasks to queue
[2023-03-10T23:06:43.807+0000] {logging_mixin.py:137} INFO - [2023-03-10T23:06:43.807+0000] {dagbag.py:538} INFO - Filling up the DagBag from /opt/airflow/dags/main.py
[2023-03-10T23:06:44.058+0000] {processor.py:753} INFO - DAG(s) dict_keys(['projeto_agro']) retrieved from /opt/airflow/dags/main.py
[2023-03-10T23:06:44.087+0000] {logging_mixin.py:137} INFO - [2023-03-10T23:06:44.087+0000] {dag.py:2690} INFO - Sync 1 DAGs
[2023-03-10T23:06:44.114+0000] {logging_mixin.py:137} INFO - [2023-03-10T23:06:44.114+0000] {dag.py:3437} INFO - Setting next_dagrun for projeto_agro to 2023-03-10T00:00:00+00:00, run_after=2023-03-11T00:00:00+00:00
[2023-03-10T23:06:44.143+0000] {processor.py:175} INFO - Processing /opt/airflow/dags/main.py took 0.341 seconds
[2023-03-10T23:07:14.269+0000] {processor.py:153} INFO - Started process (PID=72) to work on /opt/airflow/dags/main.py
[2023-03-10T23:07:14.270+0000] {processor.py:743} INFO - Processing file /opt/airflow/dags/main.py for tasks to queue
[2023-03-10T23:07:14.271+0000] {logging_mixin.py:137} INFO - [2023-03-10T23:07:14.270+0000] {dagbag.py:538} INFO - Filling up the DagBag from /opt/airflow/dags/main.py
[2023-03-10T23:07:14.515+0000] {processor.py:753} INFO - DAG(s) dict_keys(['projeto_agro']) retrieved from /opt/airflow/dags/main.py
[2023-03-10T23:07:14.543+0000] {logging_mixin.py:137} INFO - [2023-03-10T23:07:14.542+0000] {dag.py:2690} INFO - Sync 1 DAGs
[2023-03-10T23:07:14.569+0000] {logging_mixin.py:137} INFO - [2023-03-10T23:07:14.569+0000] {dag.py:3437} INFO - Setting next_dagrun for projeto_agro to 2023-03-10T00:00:00+00:00, run_after=2023-03-11T00:00:00+00:00
[2023-03-10T23:07:14.597+0000] {processor.py:175} INFO - Processing /opt/airflow/dags/main.py took 0.331 seconds
[2023-03-10T23:07:44.728+0000] {processor.py:153} INFO - Started process (PID=73) to work on /opt/airflow/dags/main.py
[2023-03-10T23:07:44.734+0000] {processor.py:743} INFO - Processing file /opt/airflow/dags/main.py for tasks to queue
[2023-03-10T23:07:44.734+0000] {logging_mixin.py:137} INFO - [2023-03-10T23:07:44.734+0000] {dagbag.py:538} INFO - Filling up the DagBag from /opt/airflow/dags/main.py
[2023-03-10T23:07:44.974+0000] {processor.py:753} INFO - DAG(s) dict_keys(['projeto_agro']) retrieved from /opt/airflow/dags/main.py
[2023-03-10T23:07:45.005+0000] {logging_mixin.py:137} INFO - [2023-03-10T23:07:45.005+0000] {dag.py:2690} INFO - Sync 1 DAGs
[2023-03-10T23:07:45.035+0000] {logging_mixin.py:137} INFO - [2023-03-10T23:07:45.035+0000] {dag.py:3437} INFO - Setting next_dagrun for projeto_agro to 2023-03-10T00:00:00+00:00, run_after=2023-03-11T00:00:00+00:00
[2023-03-10T23:07:45.056+0000] {processor.py:175} INFO - Processing /opt/airflow/dags/main.py took 0.333 seconds
[2023-03-10T23:08:15.193+0000] {processor.py:153} INFO - Started process (PID=74) to work on /opt/airflow/dags/main.py
[2023-03-10T23:08:15.194+0000] {processor.py:743} INFO - Processing file /opt/airflow/dags/main.py for tasks to queue
[2023-03-10T23:08:15.195+0000] {logging_mixin.py:137} INFO - [2023-03-10T23:08:15.194+0000] {dagbag.py:538} INFO - Filling up the DagBag from /opt/airflow/dags/main.py
[2023-03-10T23:08:15.437+0000] {processor.py:753} INFO - DAG(s) dict_keys(['projeto_agro']) retrieved from /opt/airflow/dags/main.py
[2023-03-10T23:08:15.466+0000] {logging_mixin.py:137} INFO - [2023-03-10T23:08:15.466+0000] {dag.py:2690} INFO - Sync 1 DAGs
[2023-03-10T23:08:15.491+0000] {logging_mixin.py:137} INFO - [2023-03-10T23:08:15.491+0000] {dag.py:3437} INFO - Setting next_dagrun for projeto_agro to 2023-03-10T00:00:00+00:00, run_after=2023-03-11T00:00:00+00:00
[2023-03-10T23:08:15.519+0000] {processor.py:175} INFO - Processing /opt/airflow/dags/main.py took 0.328 seconds
[2023-03-10T23:08:45.690+0000] {processor.py:153} INFO - Started process (PID=75) to work on /opt/airflow/dags/main.py
[2023-03-10T23:08:45.696+0000] {processor.py:743} INFO - Processing file /opt/airflow/dags/main.py for tasks to queue
[2023-03-10T23:08:45.697+0000] {logging_mixin.py:137} INFO - [2023-03-10T23:08:45.696+0000] {dagbag.py:538} INFO - Filling up the DagBag from /opt/airflow/dags/main.py
[2023-03-10T23:08:45.907+0000] {processor.py:753} INFO - DAG(s) dict_keys(['projeto_agro']) retrieved from /opt/airflow/dags/main.py
[2023-03-10T23:08:45.931+0000] {logging_mixin.py:137} INFO - [2023-03-10T23:08:45.931+0000] {dag.py:2690} INFO - Sync 1 DAGs
[2023-03-10T23:08:45.955+0000] {logging_mixin.py:137} INFO - [2023-03-10T23:08:45.954+0000] {dag.py:3437} INFO - Setting next_dagrun for projeto_agro to 2023-03-10T00:00:00+00:00, run_after=2023-03-11T00:00:00+00:00
[2023-03-10T23:08:45.974+0000] {processor.py:175} INFO - Processing /opt/airflow/dags/main.py took 0.288 seconds
[2023-03-10T23:09:16.105+0000] {processor.py:153} INFO - Started process (PID=76) to work on /opt/airflow/dags/main.py
[2023-03-10T23:09:16.106+0000] {processor.py:743} INFO - Processing file /opt/airflow/dags/main.py for tasks to queue
[2023-03-10T23:09:16.108+0000] {logging_mixin.py:137} INFO - [2023-03-10T23:09:16.107+0000] {dagbag.py:538} INFO - Filling up the DagBag from /opt/airflow/dags/main.py
[2023-03-10T23:09:16.413+0000] {processor.py:753} INFO - DAG(s) dict_keys(['projeto_agro']) retrieved from /opt/airflow/dags/main.py
[2023-03-10T23:09:16.446+0000] {logging_mixin.py:137} INFO - [2023-03-10T23:09:16.446+0000] {dag.py:2690} INFO - Sync 1 DAGs
[2023-03-10T23:09:16.479+0000] {logging_mixin.py:137} INFO - [2023-03-10T23:09:16.479+0000] {dag.py:3437} INFO - Setting next_dagrun for projeto_agro to 2023-03-10T00:00:00+00:00, run_after=2023-03-11T00:00:00+00:00
[2023-03-10T23:09:16.500+0000] {processor.py:175} INFO - Processing /opt/airflow/dags/main.py took 0.398 seconds
