[2023-03-27T20:24:28.634+0000] {taskinstance.py:1087} INFO - Dependencies all met for <TaskInstance: projeto_agro.extract_data manual__2023-03-27T20:24:25.296228+00:00 [queued]>
[2023-03-27T20:24:28.644+0000] {taskinstance.py:1087} INFO - Dependencies all met for <TaskInstance: projeto_agro.extract_data manual__2023-03-27T20:24:25.296228+00:00 [queued]>
[2023-03-27T20:24:28.645+0000] {taskinstance.py:1283} INFO - 
--------------------------------------------------------------------------------
[2023-03-27T20:24:28.645+0000] {taskinstance.py:1284} INFO - Starting attempt 1 of 1
[2023-03-27T20:24:28.645+0000] {taskinstance.py:1285} INFO - 
--------------------------------------------------------------------------------
[2023-03-27T20:24:28.659+0000] {taskinstance.py:1304} INFO - Executing <Task(PythonOperator): extract_data> on 2023-03-27 20:24:25.296228+00:00
[2023-03-27T20:24:28.663+0000] {standard_task_runner.py:55} INFO - Started process 399 to run task
[2023-03-27T20:24:28.665+0000] {standard_task_runner.py:82} INFO - Running: ['airflow', 'tasks', 'run', 'projeto_agro', 'extract_data', 'manual__2023-03-27T20:24:25.296228+00:00', '--job-id', '101', '--raw', '--subdir', 'DAGS_FOLDER/main.py', '--cfg-path', '/tmp/tmpo29kwsss']
[2023-03-27T20:24:28.666+0000] {standard_task_runner.py:83} INFO - Job 101: Subtask extract_data
[2023-03-27T20:24:28.729+0000] {task_command.py:389} INFO - Running <TaskInstance: projeto_agro.extract_data manual__2023-03-27T20:24:25.296228+00:00 [running]> on host 32181d1fdb83
[2023-03-27T20:24:28.798+0000] {taskinstance.py:1511} INFO - Exporting the following env vars:
AIRFLOW_CTX_DAG_OWNER=airflow
AIRFLOW_CTX_DAG_ID=projeto_agro
AIRFLOW_CTX_TASK_ID=extract_data
AIRFLOW_CTX_EXECUTION_DATE=2023-03-27T20:24:25.296228+00:00
AIRFLOW_CTX_TRY_NUMBER=1
AIRFLOW_CTX_DAG_RUN_ID=manual__2023-03-27T20:24:25.296228+00:00
[2023-03-27T20:24:45.205+0000] {logging_mixin.py:137} WARNING - /opt/airflow/dags/../../scripts/extract.py:31 DtypeWarning: Columns (2) have mixed types. Specify dtype option on import or set low_memory=False.
[2023-03-27T20:24:45.327+0000] {logging_mixin.py:137} INFO -        SortOrder  LocID Notes  ... Q1560Female NetMigrations   CNMR
0              1    900   NaN  ...    324.9308          0.00  0.000
1              1    900   NaN  ...    319.3364          0.00  0.000
2              1    900   NaN  ...    309.9103          0.00  0.000
3              1    900   NaN  ...    303.9053          0.00  0.000
4              1    900   NaN  ...    295.9944          0.00  0.000
...          ...    ...   ...  ...         ...           ...    ...
43467        290    876   2.0  ...     21.8411         -0.01 -0.995
43468        290    876   2.0  ...     21.3338         -0.01 -1.000
43469        290    876   2.0  ...     20.9955         -0.01 -1.005
43470        290    876   2.0  ...     20.7325         -0.01 -1.011
43471        290    876   2.0  ...         NaN           NaN    NaN

[43472 rows x 67 columns]
[2023-03-27T20:24:50.945+0000] {taskinstance.py:1772} ERROR - Task failed with exception
Traceback (most recent call last):
  File "/usr/local/lib/python3.9/site-packages/airflow/operators/python.py", line 175, in execute
    return_value = self.execute_callable()
  File "/usr/local/lib/python3.9/site-packages/airflow/operators/python.py", line 192, in execute_callable
    return self.python_callable(*self.op_args, **self.op_kwargs)
  File "/opt/airflow/dags/main.py", line 17, in extract
    dict_files_name=extract.save_data_raw()
  File "/opt/airflow/dags/../../scripts/extract.py", line 47, in save_data_raw
    self.infos_countries.to_parquet('gs://data_raw_area_project_agro/' + dict_files_name['path_file_countries'], storage_options={'token':'/opt/credentials/zoomcamp-374100-a34bc7914122.json'})
  File "/usr/local/lib/python3.9/site-packages/pandas/util/_decorators.py", line 211, in wrapper
    return func(*args, **kwargs)
  File "/usr/local/lib/python3.9/site-packages/pandas/core/frame.py", line 2975, in to_parquet
    return to_parquet(
  File "/usr/local/lib/python3.9/site-packages/pandas/io/parquet.py", line 430, in to_parquet
    impl.write(
  File "/usr/local/lib/python3.9/site-packages/pandas/io/parquet.py", line 174, in write
    table = self.api.Table.from_pandas(df, **from_pandas_kwargs)
  File "pyarrow/table.pxi", line 1650, in pyarrow.lib.Table.from_pandas
  File "/usr/local/lib/python3.9/site-packages/pyarrow/pandas_compat.py", line 607, in dataframe_to_arrays
    arrays[i] = maybe_fut.result()
  File "/usr/local/lib/python3.9/concurrent/futures/_base.py", line 439, in result
    return self.__get_result()
  File "/usr/local/lib/python3.9/concurrent/futures/_base.py", line 391, in __get_result
    raise self._exception
  File "/usr/local/lib/python3.9/concurrent/futures/thread.py", line 58, in run
    result = self.fn(*self.args, **self.kwargs)
  File "/usr/local/lib/python3.9/site-packages/pyarrow/pandas_compat.py", line 581, in convert_column
    raise e
  File "/usr/local/lib/python3.9/site-packages/pyarrow/pandas_compat.py", line 575, in convert_column
    result = pa.array(col, type=type_, from_pandas=True, safe=safe)
  File "pyarrow/array.pxi", line 311, in pyarrow.lib.array
  File "pyarrow/array.pxi", line 83, in pyarrow.lib._ndarray_to_array
  File "pyarrow/error.pxi", line 122, in pyarrow.lib.check_status
pyarrow.lib.ArrowTypeError: ("Expected bytes, got a 'float' object", 'Conversion failed for column Notes with type object')
[2023-03-27T20:24:50.958+0000] {taskinstance.py:1322} INFO - Marking task as FAILED. dag_id=projeto_agro, task_id=extract_data, execution_date=20230327T202425, start_date=20230327T202428, end_date=20230327T202450
[2023-03-27T20:24:50.979+0000] {standard_task_runner.py:100} ERROR - Failed to execute job 101 for task extract_data (("Expected bytes, got a 'float' object", 'Conversion failed for column Notes with type object'); 399)
[2023-03-27T20:24:51.034+0000] {local_task_job.py:159} INFO - Task exited with return code 1
[2023-03-27T20:24:51.059+0000] {taskinstance.py:2582} INFO - 0 downstream tasks scheduled from follow-on schedule check
