[2023-03-28T00:47:43.902+0000] {taskinstance.py:1087} INFO - Dependencies all met for <TaskInstance: projeto_agro.transform_data manual__2023-03-28T00:46:35.512949+00:00 [queued]>
[2023-03-28T00:47:43.918+0000] {taskinstance.py:1087} INFO - Dependencies all met for <TaskInstance: projeto_agro.transform_data manual__2023-03-28T00:46:35.512949+00:00 [queued]>
[2023-03-28T00:47:43.919+0000] {taskinstance.py:1283} INFO - 
--------------------------------------------------------------------------------
[2023-03-28T00:47:43.919+0000] {taskinstance.py:1284} INFO - Starting attempt 1 of 1
[2023-03-28T00:47:43.920+0000] {taskinstance.py:1285} INFO - 
--------------------------------------------------------------------------------
[2023-03-28T00:47:43.954+0000] {taskinstance.py:1304} INFO - Executing <Task(PythonOperator): transform_data> on 2023-03-28 00:46:35.512949+00:00
[2023-03-28T00:47:43.961+0000] {standard_task_runner.py:55} INFO - Started process 1595 to run task
[2023-03-28T00:47:43.963+0000] {standard_task_runner.py:82} INFO - Running: ['airflow', 'tasks', 'run', 'projeto_agro', 'transform_data', 'manual__2023-03-28T00:46:35.512949+00:00', '--job-id', '162', '--raw', '--subdir', 'DAGS_FOLDER/main.py', '--cfg-path', '/tmp/tmp1jq_e79u']
[2023-03-28T00:47:43.966+0000] {standard_task_runner.py:83} INFO - Job 162: Subtask transform_data
[2023-03-28T00:47:44.050+0000] {task_command.py:389} INFO - Running <TaskInstance: projeto_agro.transform_data manual__2023-03-28T00:46:35.512949+00:00 [running]> on host 48ec747c45e3
[2023-03-28T00:47:44.172+0000] {taskinstance.py:1511} INFO - Exporting the following env vars:
AIRFLOW_CTX_DAG_OWNER=airflow
AIRFLOW_CTX_DAG_ID=projeto_agro
AIRFLOW_CTX_TASK_ID=transform_data
AIRFLOW_CTX_EXECUTION_DATE=2023-03-28T00:46:35.512949+00:00
AIRFLOW_CTX_TRY_NUMBER=1
AIRFLOW_CTX_DAG_RUN_ID=manual__2023-03-28T00:46:35.512949+00:00
[2023-03-28T00:49:19.987+0000] {python.py:177} INFO - Done. Returned value was: None
[2023-03-28T00:49:20.182+0000] {taskinstance.py:1322} INFO - Marking task as SUCCESS. dag_id=projeto_agro, task_id=transform_data, execution_date=20230328T004635, start_date=20230328T004743, end_date=20230328T004920
[2023-03-28T00:49:20.432+0000] {local_task_job.py:159} INFO - Task exited with return code 0
[2023-03-28T00:49:20.544+0000] {taskinstance.py:2582} INFO - 0 downstream tasks scheduled from follow-on schedule check
