[2023-03-27T23:38:22.392+0000] {taskinstance.py:1087} INFO - Dependencies all met for <TaskInstance: projeto_agro.extract_data manual__2023-03-27T23:38:18.388566+00:00 [queued]>
[2023-03-27T23:38:22.402+0000] {taskinstance.py:1087} INFO - Dependencies all met for <TaskInstance: projeto_agro.extract_data manual__2023-03-27T23:38:18.388566+00:00 [queued]>
[2023-03-27T23:38:22.403+0000] {taskinstance.py:1283} INFO - 
--------------------------------------------------------------------------------
[2023-03-27T23:38:22.403+0000] {taskinstance.py:1284} INFO - Starting attempt 1 of 1
[2023-03-27T23:38:22.403+0000] {taskinstance.py:1285} INFO - 
--------------------------------------------------------------------------------
[2023-03-27T23:38:22.417+0000] {taskinstance.py:1304} INFO - Executing <Task(PythonOperator): extract_data> on 2023-03-27 23:38:18.388566+00:00
[2023-03-27T23:38:22.421+0000] {standard_task_runner.py:55} INFO - Started process 971 to run task
[2023-03-27T23:38:22.424+0000] {standard_task_runner.py:82} INFO - Running: ['airflow', 'tasks', 'run', 'projeto_agro', 'extract_data', 'manual__2023-03-27T23:38:18.388566+00:00', '--job-id', '147', '--raw', '--subdir', 'DAGS_FOLDER/main.py', '--cfg-path', '/tmp/tmpm9yew_0c']
[2023-03-27T23:38:22.425+0000] {standard_task_runner.py:83} INFO - Job 147: Subtask extract_data
[2023-03-27T23:38:22.489+0000] {task_command.py:389} INFO - Running <TaskInstance: projeto_agro.extract_data manual__2023-03-27T23:38:18.388566+00:00 [running]> on host 48ec747c45e3
[2023-03-27T23:38:22.562+0000] {taskinstance.py:1511} INFO - Exporting the following env vars:
AIRFLOW_CTX_DAG_OWNER=airflow
AIRFLOW_CTX_DAG_ID=projeto_agro
AIRFLOW_CTX_TASK_ID=extract_data
AIRFLOW_CTX_EXECUTION_DATE=2023-03-27T23:38:18.388566+00:00
AIRFLOW_CTX_TRY_NUMBER=1
AIRFLOW_CTX_DAG_RUN_ID=manual__2023-03-27T23:38:18.388566+00:00
[2023-03-27T23:39:05.731+0000] {logging_mixin.py:137} WARNING - /opt/airflow/dags/../../scripts/extract.py:31 DtypeWarning: Columns (2,3,4) have mixed types. Specify dtype option on import or set low_memory=False.
[2023-03-27T23:39:24.329+0000] {python.py:177} INFO - Done. Returned value was: None
[2023-03-27T23:39:24.341+0000] {taskinstance.py:1322} INFO - Marking task as SUCCESS. dag_id=projeto_agro, task_id=extract_data, execution_date=20230327T233818, start_date=20230327T233822, end_date=20230327T233924
[2023-03-27T23:39:24.393+0000] {local_task_job.py:159} INFO - Task exited with return code 0
[2023-03-27T23:39:24.424+0000] {taskinstance.py:2582} INFO - 1 downstream tasks scheduled from follow-on schedule check
