[2023-03-27T23:56:45.627+0000] {taskinstance.py:1087} INFO - Dependencies all met for <TaskInstance: projeto_agro.transform_data manual__2023-03-27T23:55:37.843942+00:00 [queued]>
[2023-03-27T23:56:45.637+0000] {taskinstance.py:1087} INFO - Dependencies all met for <TaskInstance: projeto_agro.transform_data manual__2023-03-27T23:55:37.843942+00:00 [queued]>
[2023-03-27T23:56:45.637+0000] {taskinstance.py:1283} INFO - 
--------------------------------------------------------------------------------
[2023-03-27T23:56:45.637+0000] {taskinstance.py:1284} INFO - Starting attempt 1 of 1
[2023-03-27T23:56:45.637+0000] {taskinstance.py:1285} INFO - 
--------------------------------------------------------------------------------
[2023-03-27T23:56:45.651+0000] {taskinstance.py:1304} INFO - Executing <Task(PythonOperator): transform_data> on 2023-03-27 23:55:37.843942+00:00
[2023-03-27T23:56:45.656+0000] {standard_task_runner.py:55} INFO - Started process 1114 to run task
[2023-03-27T23:56:45.658+0000] {standard_task_runner.py:82} INFO - Running: ['airflow', 'tasks', 'run', 'projeto_agro', 'transform_data', 'manual__2023-03-27T23:55:37.843942+00:00', '--job-id', '150', '--raw', '--subdir', 'DAGS_FOLDER/main.py', '--cfg-path', '/tmp/tmpa_iqwofg']
[2023-03-27T23:56:45.659+0000] {standard_task_runner.py:83} INFO - Job 150: Subtask transform_data
[2023-03-27T23:56:45.723+0000] {task_command.py:389} INFO - Running <TaskInstance: projeto_agro.transform_data manual__2023-03-27T23:55:37.843942+00:00 [running]> on host 48ec747c45e3
[2023-03-27T23:56:45.792+0000] {taskinstance.py:1511} INFO - Exporting the following env vars:
AIRFLOW_CTX_DAG_OWNER=airflow
AIRFLOW_CTX_DAG_ID=projeto_agro
AIRFLOW_CTX_TASK_ID=transform_data
AIRFLOW_CTX_EXECUTION_DATE=2023-03-27T23:55:37.843942+00:00
AIRFLOW_CTX_TRY_NUMBER=1
AIRFLOW_CTX_DAG_RUN_ID=manual__2023-03-27T23:55:37.843942+00:00
[2023-03-27T23:57:00.956+0000] {logging_mixin.py:137} INFO -      Item Code   CPC Code                                               Item
0          101     '01195                                        Canary seed
1         1016     '02123                                              Goats
2         1017     '21116                     Meat of goat; fresh or chilled
3         1018     '21156     Edible offal of goat; fresh; chilled or frozen
4         1019     '21515                               Goat fat; unrendered
..         ...        ...                                                ...
302        982     '02291                                  Raw milk of sheep
303        983  '22249.01                      Butter and ghee of sheep milk
304        984     '22253      Cheese from milk of sheep; fresh or processed
305        987     '02941  Shorn wool; greasy; including fleece-washed sh...
306        995     '02953              Raw hides and skins of sheep or lambs

[307 rows x 3 columns]
[2023-03-27T23:57:11.846+0000] {taskinstance.py:1772} ERROR - Task failed with exception
Traceback (most recent call last):
  File "/usr/local/lib/python3.9/site-packages/airflow/operators/python.py", line 175, in execute
    return_value = self.execute_callable()
  File "/usr/local/lib/python3.9/site-packages/airflow/operators/python.py", line 192, in execute_callable
    return self.python_callable(*self.op_args, **self.op_kwargs)
  File "/opt/airflow/dags/main.py", line 30, in transform
    transform.transform_columns()
  File "/opt/airflow/dags/../../scripts/transform.py", line 63, in transform_columns
    self.dataframe_years_flag = self.dataframe_years_flag.melt(id_vars=['Area Code (M49)', 'Item Code', 'Element Code', 'id'],
  File "/usr/local/lib/python3.9/site-packages/pandas/core/frame.py", line 9124, in melt
    return melt(
  File "/usr/local/lib/python3.9/site-packages/pandas/core/reshape/melt.py", line 77, in melt
    raise KeyError(
KeyError: "The following 'id_vars' are not present in the DataFrame: ['id']"
[2023-03-27T23:57:11.998+0000] {taskinstance.py:1322} INFO - Marking task as FAILED. dag_id=projeto_agro, task_id=transform_data, execution_date=20230327T235537, start_date=20230327T235645, end_date=20230327T235711
[2023-03-27T23:57:12.100+0000] {standard_task_runner.py:100} ERROR - Failed to execute job 150 for task transform_data ("The following 'id_vars' are not present in the DataFrame: ['id']"; 1114)
[2023-03-27T23:57:12.296+0000] {local_task_job.py:159} INFO - Task exited with return code 1
[2023-03-27T23:57:12.370+0000] {taskinstance.py:2582} INFO - 0 downstream tasks scheduled from follow-on schedule check
