[2023-03-27T21:08:51.098+0000] {taskinstance.py:1087} INFO - Dependencies all met for <TaskInstance: projeto_agro.extract_data manual__2023-03-27T21:08:47.165553+00:00 [queued]>
[2023-03-27T21:08:51.111+0000] {taskinstance.py:1087} INFO - Dependencies all met for <TaskInstance: projeto_agro.extract_data manual__2023-03-27T21:08:47.165553+00:00 [queued]>
[2023-03-27T21:08:51.111+0000] {taskinstance.py:1283} INFO - 
--------------------------------------------------------------------------------
[2023-03-27T21:08:51.112+0000] {taskinstance.py:1284} INFO - Starting attempt 1 of 1
[2023-03-27T21:08:51.112+0000] {taskinstance.py:1285} INFO - 
--------------------------------------------------------------------------------
[2023-03-27T21:08:51.133+0000] {taskinstance.py:1304} INFO - Executing <Task(PythonOperator): extract_data> on 2023-03-27 21:08:47.165553+00:00
[2023-03-27T21:08:51.140+0000] {standard_task_runner.py:55} INFO - Started process 344 to run task
[2023-03-27T21:08:51.144+0000] {standard_task_runner.py:82} INFO - Running: ['airflow', 'tasks', 'run', 'projeto_agro', 'extract_data', 'manual__2023-03-27T21:08:47.165553+00:00', '--job-id', '145', '--raw', '--subdir', 'DAGS_FOLDER/main.py', '--cfg-path', '/tmp/tmpq7sjz29h']
[2023-03-27T21:08:51.146+0000] {standard_task_runner.py:83} INFO - Job 145: Subtask extract_data
[2023-03-27T21:08:51.234+0000] {task_command.py:389} INFO - Running <TaskInstance: projeto_agro.extract_data manual__2023-03-27T21:08:47.165553+00:00 [running]> on host 48ec747c45e3
[2023-03-27T21:08:51.315+0000] {taskinstance.py:1511} INFO - Exporting the following env vars:
AIRFLOW_CTX_DAG_OWNER=airflow
AIRFLOW_CTX_DAG_ID=projeto_agro
AIRFLOW_CTX_TASK_ID=extract_data
AIRFLOW_CTX_EXECUTION_DATE=2023-03-27T21:08:47.165553+00:00
AIRFLOW_CTX_TRY_NUMBER=1
AIRFLOW_CTX_DAG_RUN_ID=manual__2023-03-27T21:08:47.165553+00:00
[2023-03-27T21:09:32.328+0000] {logging_mixin.py:137} WARNING - /opt/airflow/dags/../../scripts/extract.py:31 DtypeWarning: Columns (2,3,4) have mixed types. Specify dtype option on import or set low_memory=False.
[2023-03-27T21:09:51.530+0000] {python.py:177} INFO - Done. Returned value was: None
[2023-03-27T21:09:51.548+0000] {taskinstance.py:1322} INFO - Marking task as SUCCESS. dag_id=projeto_agro, task_id=extract_data, execution_date=20230327T210847, start_date=20230327T210851, end_date=20230327T210951
[2023-03-27T21:09:51.611+0000] {local_task_job.py:159} INFO - Task exited with return code 0
[2023-03-27T21:09:51.662+0000] {taskinstance.py:2582} INFO - 1 downstream tasks scheduled from follow-on schedule check
