[2023-03-27T21:09:55.785+0000] {taskinstance.py:1087} INFO - Dependencies all met for <TaskInstance: projeto_agro.transform_data manual__2023-03-27T21:08:47.165553+00:00 [queued]>
[2023-03-27T21:09:55.801+0000] {taskinstance.py:1087} INFO - Dependencies all met for <TaskInstance: projeto_agro.transform_data manual__2023-03-27T21:08:47.165553+00:00 [queued]>
[2023-03-27T21:09:55.801+0000] {taskinstance.py:1283} INFO - 
--------------------------------------------------------------------------------
[2023-03-27T21:09:55.802+0000] {taskinstance.py:1284} INFO - Starting attempt 1 of 1
[2023-03-27T21:09:55.802+0000] {taskinstance.py:1285} INFO - 
--------------------------------------------------------------------------------
[2023-03-27T21:09:55.822+0000] {taskinstance.py:1304} INFO - Executing <Task(PythonOperator): transform_data> on 2023-03-27 21:08:47.165553+00:00
[2023-03-27T21:09:55.830+0000] {standard_task_runner.py:55} INFO - Started process 372 to run task
[2023-03-27T21:09:55.835+0000] {standard_task_runner.py:82} INFO - Running: ['airflow', 'tasks', 'run', 'projeto_agro', 'transform_data', 'manual__2023-03-27T21:08:47.165553+00:00', '--job-id', '146', '--raw', '--subdir', 'DAGS_FOLDER/main.py', '--cfg-path', '/tmp/tmpap8xss1y']
[2023-03-27T21:09:55.837+0000] {standard_task_runner.py:83} INFO - Job 146: Subtask transform_data
[2023-03-27T21:09:55.942+0000] {task_command.py:389} INFO - Running <TaskInstance: projeto_agro.transform_data manual__2023-03-27T21:08:47.165553+00:00 [running]> on host 48ec747c45e3
[2023-03-27T21:09:56.129+0000] {taskinstance.py:1511} INFO - Exporting the following env vars:
AIRFLOW_CTX_DAG_OWNER=airflow
AIRFLOW_CTX_DAG_ID=projeto_agro
AIRFLOW_CTX_TASK_ID=transform_data
AIRFLOW_CTX_EXECUTION_DATE=2023-03-27T21:08:47.165553+00:00
AIRFLOW_CTX_TRY_NUMBER=1
AIRFLOW_CTX_DAG_RUN_ID=manual__2023-03-27T21:08:47.165553+00:00
[2023-03-27T21:10:12.151+0000] {logging_mixin.py:137} INFO -      Item Code   CPC Code                                               Item
0          101     '01195                                        Canary seed
1         1016     '02123                                              Goats
2         1017     '21116                     Meat of goat; fresh or chilled
3         1018     '21156     Edible offal of goat; fresh; chilled or frozen
4         1019     '21515                               Goat fat; unrendered
..         ...        ...                                                ...
302        982     '02291                                  Raw milk of sheep
303        983  '22249.01                      Butter and ghee of sheep milk
304        984     '22253      Cheese from milk of sheep; fresh or processed
305        987     '02941  Shorn wool; greasy; including fleece-washed sh...
306        995     '02953              Raw hides and skins of sheep or lambs

[307 rows x 3 columns]
[2023-03-27T21:10:12.229+0000] {python.py:177} INFO - Done. Returned value was: None
[2023-03-27T21:10:12.253+0000] {taskinstance.py:1322} INFO - Marking task as SUCCESS. dag_id=projeto_agro, task_id=transform_data, execution_date=20230327T210847, start_date=20230327T210955, end_date=20230327T211012
[2023-03-27T21:10:12.351+0000] {local_task_job.py:159} INFO - Task exited with return code 0
[2023-03-27T21:10:12.387+0000] {taskinstance.py:2582} INFO - 0 downstream tasks scheduled from follow-on schedule check
