[2023-03-28T00:37:34.873+0000] {taskinstance.py:1087} INFO - Dependencies all met for <TaskInstance: projeto_agro.extract_data manual__2023-03-28T00:37:30.242438+00:00 [queued]>
[2023-03-28T00:37:34.889+0000] {taskinstance.py:1087} INFO - Dependencies all met for <TaskInstance: projeto_agro.extract_data manual__2023-03-28T00:37:30.242438+00:00 [queued]>
[2023-03-28T00:37:34.889+0000] {taskinstance.py:1283} INFO - 
--------------------------------------------------------------------------------
[2023-03-28T00:37:34.889+0000] {taskinstance.py:1284} INFO - Starting attempt 1 of 1
[2023-03-28T00:37:34.889+0000] {taskinstance.py:1285} INFO - 
--------------------------------------------------------------------------------
[2023-03-28T00:37:34.905+0000] {taskinstance.py:1304} INFO - Executing <Task(PythonOperator): extract_data> on 2023-03-28 00:37:30.242438+00:00
[2023-03-28T00:37:34.910+0000] {standard_task_runner.py:55} INFO - Started process 1476 to run task
[2023-03-28T00:37:34.912+0000] {standard_task_runner.py:82} INFO - Running: ['airflow', 'tasks', 'run', 'projeto_agro', 'extract_data', 'manual__2023-03-28T00:37:30.242438+00:00', '--job-id', '159', '--raw', '--subdir', 'DAGS_FOLDER/main.py', '--cfg-path', '/tmp/tmpztiqdpnj']
[2023-03-28T00:37:34.913+0000] {standard_task_runner.py:83} INFO - Job 159: Subtask extract_data
[2023-03-28T00:37:35.011+0000] {task_command.py:389} INFO - Running <TaskInstance: projeto_agro.extract_data manual__2023-03-28T00:37:30.242438+00:00 [running]> on host 48ec747c45e3
[2023-03-28T00:37:35.129+0000] {taskinstance.py:1511} INFO - Exporting the following env vars:
AIRFLOW_CTX_DAG_OWNER=airflow
AIRFLOW_CTX_DAG_ID=projeto_agro
AIRFLOW_CTX_TASK_ID=extract_data
AIRFLOW_CTX_EXECUTION_DATE=2023-03-28T00:37:30.242438+00:00
AIRFLOW_CTX_TRY_NUMBER=1
AIRFLOW_CTX_DAG_RUN_ID=manual__2023-03-28T00:37:30.242438+00:00
[2023-03-28T00:38:18.492+0000] {logging_mixin.py:137} WARNING - /opt/airflow/dags/../../scripts/extract.py:31 DtypeWarning: Columns (2,3,4) have mixed types. Specify dtype option on import or set low_memory=False.
[2023-03-28T00:38:37.984+0000] {python.py:177} INFO - Done. Returned value was: None
[2023-03-28T00:38:37.996+0000] {taskinstance.py:1322} INFO - Marking task as SUCCESS. dag_id=projeto_agro, task_id=extract_data, execution_date=20230328T003730, start_date=20230328T003734, end_date=20230328T003837
[2023-03-28T00:38:38.057+0000] {local_task_job.py:159} INFO - Task exited with return code 0
[2023-03-28T00:38:38.082+0000] {taskinstance.py:2582} INFO - 1 downstream tasks scheduled from follow-on schedule check
