[2023-02-23T00:00:05.219+0000] {processor.py:153} INFO - Started process (PID=559) to work on /opt/airflow/dags/main.py
[2023-02-23T00:00:05.220+0000] {processor.py:743} INFO - Processing file /opt/airflow/dags/main.py for tasks to queue
[2023-02-23T00:00:05.220+0000] {logging_mixin.py:137} INFO - [2023-02-23T00:00:05.220+0000] {dagbag.py:538} INFO - Filling up the DagBag from /opt/airflow/dags/main.py
[2023-02-23T00:00:05.232+0000] {processor.py:753} INFO - DAG(s) dict_keys(['teste']) retrieved from /opt/airflow/dags/main.py
[2023-02-23T00:00:05.254+0000] {logging_mixin.py:137} INFO - [2023-02-23T00:00:05.254+0000] {dag.py:2690} INFO - Sync 1 DAGs
[2023-02-23T00:00:05.276+0000] {logging_mixin.py:137} INFO - [2023-02-23T00:00:05.276+0000] {dag.py:3437} INFO - Setting next_dagrun for teste to 2023-01-13T00:00:00+00:00, run_after=2023-01-14T00:00:00+00:00
[2023-02-23T00:00:05.300+0000] {processor.py:175} INFO - Processing /opt/airflow/dags/main.py took 0.083 seconds
[2023-02-23T00:00:35.371+0000] {processor.py:153} INFO - Started process (PID=560) to work on /opt/airflow/dags/main.py
[2023-02-23T00:00:35.377+0000] {processor.py:743} INFO - Processing file /opt/airflow/dags/main.py for tasks to queue
[2023-02-23T00:00:35.378+0000] {logging_mixin.py:137} INFO - [2023-02-23T00:00:35.377+0000] {dagbag.py:538} INFO - Filling up the DagBag from /opt/airflow/dags/main.py
[2023-02-23T00:00:35.390+0000] {processor.py:753} INFO - DAG(s) dict_keys(['teste']) retrieved from /opt/airflow/dags/main.py
[2023-02-23T00:00:35.416+0000] {logging_mixin.py:137} INFO - [2023-02-23T00:00:35.416+0000] {dag.py:2690} INFO - Sync 1 DAGs
[2023-02-23T00:00:35.441+0000] {logging_mixin.py:137} INFO - [2023-02-23T00:00:35.441+0000] {dag.py:3437} INFO - Setting next_dagrun for teste to 2023-01-13T00:00:00+00:00, run_after=2023-01-14T00:00:00+00:00
[2023-02-23T00:00:35.459+0000] {processor.py:175} INFO - Processing /opt/airflow/dags/main.py took 0.092 seconds
[2023-02-23T00:01:05.561+0000] {processor.py:153} INFO - Started process (PID=561) to work on /opt/airflow/dags/main.py
[2023-02-23T00:01:05.566+0000] {processor.py:743} INFO - Processing file /opt/airflow/dags/main.py for tasks to queue
[2023-02-23T00:01:05.567+0000] {logging_mixin.py:137} INFO - [2023-02-23T00:01:05.567+0000] {dagbag.py:538} INFO - Filling up the DagBag from /opt/airflow/dags/main.py
[2023-02-23T00:01:05.579+0000] {processor.py:753} INFO - DAG(s) dict_keys(['teste']) retrieved from /opt/airflow/dags/main.py
[2023-02-23T00:01:05.605+0000] {logging_mixin.py:137} INFO - [2023-02-23T00:01:05.604+0000] {dag.py:2690} INFO - Sync 1 DAGs
[2023-02-23T00:01:05.632+0000] {logging_mixin.py:137} INFO - [2023-02-23T00:01:05.631+0000] {dag.py:3437} INFO - Setting next_dagrun for teste to 2023-01-13T00:00:00+00:00, run_after=2023-01-14T00:00:00+00:00
[2023-02-23T00:01:05.653+0000] {processor.py:175} INFO - Processing /opt/airflow/dags/main.py took 0.096 seconds
[2023-02-23T00:01:35.715+0000] {processor.py:153} INFO - Started process (PID=562) to work on /opt/airflow/dags/main.py
[2023-02-23T00:01:35.720+0000] {processor.py:743} INFO - Processing file /opt/airflow/dags/main.py for tasks to queue
[2023-02-23T00:01:35.721+0000] {logging_mixin.py:137} INFO - [2023-02-23T00:01:35.721+0000] {dagbag.py:538} INFO - Filling up the DagBag from /opt/airflow/dags/main.py
[2023-02-23T00:01:35.736+0000] {processor.py:753} INFO - DAG(s) dict_keys(['teste']) retrieved from /opt/airflow/dags/main.py
[2023-02-23T00:01:35.760+0000] {logging_mixin.py:137} INFO - [2023-02-23T00:01:35.760+0000] {dag.py:2690} INFO - Sync 1 DAGs
[2023-02-23T00:01:35.783+0000] {logging_mixin.py:137} INFO - [2023-02-23T00:01:35.783+0000] {dag.py:3437} INFO - Setting next_dagrun for teste to 2023-01-13T00:00:00+00:00, run_after=2023-01-14T00:00:00+00:00
[2023-02-23T00:01:35.802+0000] {processor.py:175} INFO - Processing /opt/airflow/dags/main.py took 0.091 seconds
[2023-02-23T00:02:05.944+0000] {processor.py:153} INFO - Started process (PID=563) to work on /opt/airflow/dags/main.py
[2023-02-23T00:02:05.950+0000] {processor.py:743} INFO - Processing file /opt/airflow/dags/main.py for tasks to queue
[2023-02-23T00:02:05.950+0000] {logging_mixin.py:137} INFO - [2023-02-23T00:02:05.950+0000] {dagbag.py:538} INFO - Filling up the DagBag from /opt/airflow/dags/main.py
[2023-02-23T00:02:05.962+0000] {processor.py:753} INFO - DAG(s) dict_keys(['teste']) retrieved from /opt/airflow/dags/main.py
[2023-02-23T00:02:05.985+0000] {logging_mixin.py:137} INFO - [2023-02-23T00:02:05.985+0000] {dag.py:2690} INFO - Sync 1 DAGs
[2023-02-23T00:02:06.007+0000] {logging_mixin.py:137} INFO - [2023-02-23T00:02:06.006+0000] {dag.py:3437} INFO - Setting next_dagrun for teste to 2023-01-13T00:00:00+00:00, run_after=2023-01-14T00:00:00+00:00
[2023-02-23T00:02:06.025+0000] {processor.py:175} INFO - Processing /opt/airflow/dags/main.py took 0.084 seconds
[2023-02-23T00:02:36.099+0000] {processor.py:153} INFO - Started process (PID=564) to work on /opt/airflow/dags/main.py
[2023-02-23T00:02:36.100+0000] {processor.py:743} INFO - Processing file /opt/airflow/dags/main.py for tasks to queue
[2023-02-23T00:02:36.101+0000] {logging_mixin.py:137} INFO - [2023-02-23T00:02:36.101+0000] {dagbag.py:538} INFO - Filling up the DagBag from /opt/airflow/dags/main.py
[2023-02-23T00:02:36.113+0000] {processor.py:753} INFO - DAG(s) dict_keys(['teste']) retrieved from /opt/airflow/dags/main.py
[2023-02-23T00:02:36.135+0000] {logging_mixin.py:137} INFO - [2023-02-23T00:02:36.135+0000] {dag.py:2690} INFO - Sync 1 DAGs
[2023-02-23T00:02:36.158+0000] {logging_mixin.py:137} INFO - [2023-02-23T00:02:36.158+0000] {dag.py:3437} INFO - Setting next_dagrun for teste to 2023-01-13T00:00:00+00:00, run_after=2023-01-14T00:00:00+00:00
[2023-02-23T00:02:36.177+0000] {processor.py:175} INFO - Processing /opt/airflow/dags/main.py took 0.081 seconds
[2023-02-23T00:03:06.326+0000] {processor.py:153} INFO - Started process (PID=565) to work on /opt/airflow/dags/main.py
[2023-02-23T00:03:06.332+0000] {processor.py:743} INFO - Processing file /opt/airflow/dags/main.py for tasks to queue
[2023-02-23T00:03:06.332+0000] {logging_mixin.py:137} INFO - [2023-02-23T00:03:06.332+0000] {dagbag.py:538} INFO - Filling up the DagBag from /opt/airflow/dags/main.py
[2023-02-23T00:03:06.345+0000] {processor.py:753} INFO - DAG(s) dict_keys(['teste']) retrieved from /opt/airflow/dags/main.py
[2023-02-23T00:03:06.368+0000] {logging_mixin.py:137} INFO - [2023-02-23T00:03:06.368+0000] {dag.py:2690} INFO - Sync 1 DAGs
[2023-02-23T00:03:06.390+0000] {logging_mixin.py:137} INFO - [2023-02-23T00:03:06.390+0000] {dag.py:3437} INFO - Setting next_dagrun for teste to 2023-01-13T00:00:00+00:00, run_after=2023-01-14T00:00:00+00:00
[2023-02-23T00:03:06.407+0000] {processor.py:175} INFO - Processing /opt/airflow/dags/main.py took 0.084 seconds
[2023-02-23T00:03:36.484+0000] {processor.py:153} INFO - Started process (PID=566) to work on /opt/airflow/dags/main.py
[2023-02-23T00:03:36.490+0000] {processor.py:743} INFO - Processing file /opt/airflow/dags/main.py for tasks to queue
[2023-02-23T00:03:36.491+0000] {logging_mixin.py:137} INFO - [2023-02-23T00:03:36.491+0000] {dagbag.py:538} INFO - Filling up the DagBag from /opt/airflow/dags/main.py
[2023-02-23T00:03:36.505+0000] {processor.py:753} INFO - DAG(s) dict_keys(['teste']) retrieved from /opt/airflow/dags/main.py
[2023-02-23T00:03:36.529+0000] {logging_mixin.py:137} INFO - [2023-02-23T00:03:36.529+0000] {dag.py:2690} INFO - Sync 1 DAGs
[2023-02-23T00:03:36.551+0000] {logging_mixin.py:137} INFO - [2023-02-23T00:03:36.551+0000] {dag.py:3437} INFO - Setting next_dagrun for teste to 2023-01-13T00:00:00+00:00, run_after=2023-01-14T00:00:00+00:00
[2023-02-23T00:03:36.568+0000] {processor.py:175} INFO - Processing /opt/airflow/dags/main.py took 0.088 seconds
[2023-02-23T00:04:06.687+0000] {processor.py:153} INFO - Started process (PID=567) to work on /opt/airflow/dags/main.py
[2023-02-23T00:04:06.693+0000] {processor.py:743} INFO - Processing file /opt/airflow/dags/main.py for tasks to queue
[2023-02-23T00:04:06.693+0000] {logging_mixin.py:137} INFO - [2023-02-23T00:04:06.693+0000] {dagbag.py:538} INFO - Filling up the DagBag from /opt/airflow/dags/main.py
[2023-02-23T00:04:06.707+0000] {processor.py:753} INFO - DAG(s) dict_keys(['teste']) retrieved from /opt/airflow/dags/main.py
[2023-02-23T00:04:06.734+0000] {logging_mixin.py:137} INFO - [2023-02-23T00:04:06.734+0000] {dag.py:2690} INFO - Sync 1 DAGs
[2023-02-23T00:04:06.757+0000] {logging_mixin.py:137} INFO - [2023-02-23T00:04:06.756+0000] {dag.py:3437} INFO - Setting next_dagrun for teste to 2023-01-13T00:00:00+00:00, run_after=2023-01-14T00:00:00+00:00
[2023-02-23T00:04:06.773+0000] {processor.py:175} INFO - Processing /opt/airflow/dags/main.py took 0.089 seconds
[2023-02-23T00:04:36.846+0000] {processor.py:153} INFO - Started process (PID=568) to work on /opt/airflow/dags/main.py
[2023-02-23T00:04:36.852+0000] {processor.py:743} INFO - Processing file /opt/airflow/dags/main.py for tasks to queue
[2023-02-23T00:04:36.853+0000] {logging_mixin.py:137} INFO - [2023-02-23T00:04:36.852+0000] {dagbag.py:538} INFO - Filling up the DagBag from /opt/airflow/dags/main.py
[2023-02-23T00:04:36.867+0000] {processor.py:753} INFO - DAG(s) dict_keys(['teste']) retrieved from /opt/airflow/dags/main.py
[2023-02-23T00:04:36.890+0000] {logging_mixin.py:137} INFO - [2023-02-23T00:04:36.890+0000] {dag.py:2690} INFO - Sync 1 DAGs
[2023-02-23T00:04:36.913+0000] {logging_mixin.py:137} INFO - [2023-02-23T00:04:36.913+0000] {dag.py:3437} INFO - Setting next_dagrun for teste to 2023-01-13T00:00:00+00:00, run_after=2023-01-14T00:00:00+00:00
[2023-02-23T00:04:36.932+0000] {processor.py:175} INFO - Processing /opt/airflow/dags/main.py took 0.091 seconds
[2023-02-23T00:05:07.072+0000] {processor.py:153} INFO - Started process (PID=569) to work on /opt/airflow/dags/main.py
[2023-02-23T00:05:07.072+0000] {processor.py:743} INFO - Processing file /opt/airflow/dags/main.py for tasks to queue
[2023-02-23T00:05:07.073+0000] {logging_mixin.py:137} INFO - [2023-02-23T00:05:07.073+0000] {dagbag.py:538} INFO - Filling up the DagBag from /opt/airflow/dags/main.py
[2023-02-23T00:05:07.086+0000] {processor.py:753} INFO - DAG(s) dict_keys(['teste']) retrieved from /opt/airflow/dags/main.py
[2023-02-23T00:05:07.111+0000] {logging_mixin.py:137} INFO - [2023-02-23T00:05:07.111+0000] {dag.py:2690} INFO - Sync 1 DAGs
[2023-02-23T00:05:07.137+0000] {logging_mixin.py:137} INFO - [2023-02-23T00:05:07.136+0000] {dag.py:3437} INFO - Setting next_dagrun for teste to 2023-01-13T00:00:00+00:00, run_after=2023-01-14T00:00:00+00:00
[2023-02-23T00:05:07.156+0000] {processor.py:175} INFO - Processing /opt/airflow/dags/main.py took 0.088 seconds
[2023-02-23T00:05:37.203+0000] {processor.py:153} INFO - Started process (PID=570) to work on /opt/airflow/dags/main.py
[2023-02-23T00:05:37.209+0000] {processor.py:743} INFO - Processing file /opt/airflow/dags/main.py for tasks to queue
[2023-02-23T00:05:37.209+0000] {logging_mixin.py:137} INFO - [2023-02-23T00:05:37.209+0000] {dagbag.py:538} INFO - Filling up the DagBag from /opt/airflow/dags/main.py
[2023-02-23T00:05:37.221+0000] {processor.py:753} INFO - DAG(s) dict_keys(['teste']) retrieved from /opt/airflow/dags/main.py
[2023-02-23T00:05:37.245+0000] {logging_mixin.py:137} INFO - [2023-02-23T00:05:37.245+0000] {dag.py:2690} INFO - Sync 1 DAGs
[2023-02-23T00:05:37.269+0000] {logging_mixin.py:137} INFO - [2023-02-23T00:05:37.268+0000] {dag.py:3437} INFO - Setting next_dagrun for teste to 2023-01-13T00:00:00+00:00, run_after=2023-01-14T00:00:00+00:00
[2023-02-23T00:05:37.287+0000] {processor.py:175} INFO - Processing /opt/airflow/dags/main.py took 0.087 seconds
[2023-02-23T00:06:07.422+0000] {processor.py:153} INFO - Started process (PID=571) to work on /opt/airflow/dags/main.py
[2023-02-23T00:06:07.428+0000] {processor.py:743} INFO - Processing file /opt/airflow/dags/main.py for tasks to queue
[2023-02-23T00:06:07.428+0000] {logging_mixin.py:137} INFO - [2023-02-23T00:06:07.428+0000] {dagbag.py:538} INFO - Filling up the DagBag from /opt/airflow/dags/main.py
[2023-02-23T00:06:07.440+0000] {processor.py:753} INFO - DAG(s) dict_keys(['teste']) retrieved from /opt/airflow/dags/main.py
[2023-02-23T00:06:07.463+0000] {logging_mixin.py:137} INFO - [2023-02-23T00:06:07.463+0000] {dag.py:2690} INFO - Sync 1 DAGs
[2023-02-23T00:06:07.485+0000] {logging_mixin.py:137} INFO - [2023-02-23T00:06:07.485+0000] {dag.py:3437} INFO - Setting next_dagrun for teste to 2023-01-13T00:00:00+00:00, run_after=2023-01-14T00:00:00+00:00
[2023-02-23T00:06:07.502+0000] {processor.py:175} INFO - Processing /opt/airflow/dags/main.py took 0.083 seconds
[2023-02-23T00:06:37.585+0000] {processor.py:153} INFO - Started process (PID=572) to work on /opt/airflow/dags/main.py
[2023-02-23T00:06:37.591+0000] {processor.py:743} INFO - Processing file /opt/airflow/dags/main.py for tasks to queue
[2023-02-23T00:06:37.591+0000] {logging_mixin.py:137} INFO - [2023-02-23T00:06:37.591+0000] {dagbag.py:538} INFO - Filling up the DagBag from /opt/airflow/dags/main.py
[2023-02-23T00:06:37.604+0000] {processor.py:753} INFO - DAG(s) dict_keys(['teste']) retrieved from /opt/airflow/dags/main.py
[2023-02-23T00:06:37.627+0000] {logging_mixin.py:137} INFO - [2023-02-23T00:06:37.627+0000] {dag.py:2690} INFO - Sync 1 DAGs
[2023-02-23T00:06:37.651+0000] {logging_mixin.py:137} INFO - [2023-02-23T00:06:37.651+0000] {dag.py:3437} INFO - Setting next_dagrun for teste to 2023-01-13T00:00:00+00:00, run_after=2023-01-14T00:00:00+00:00
[2023-02-23T00:06:37.670+0000] {processor.py:175} INFO - Processing /opt/airflow/dags/main.py took 0.087 seconds
[2023-02-23T00:07:07.765+0000] {processor.py:153} INFO - Started process (PID=573) to work on /opt/airflow/dags/main.py
[2023-02-23T00:07:07.770+0000] {processor.py:743} INFO - Processing file /opt/airflow/dags/main.py for tasks to queue
[2023-02-23T00:07:07.771+0000] {logging_mixin.py:137} INFO - [2023-02-23T00:07:07.771+0000] {dagbag.py:538} INFO - Filling up the DagBag from /opt/airflow/dags/main.py
[2023-02-23T00:07:07.784+0000] {processor.py:753} INFO - DAG(s) dict_keys(['teste']) retrieved from /opt/airflow/dags/main.py
[2023-02-23T00:07:07.807+0000] {logging_mixin.py:137} INFO - [2023-02-23T00:07:07.807+0000] {dag.py:2690} INFO - Sync 1 DAGs
[2023-02-23T00:07:07.837+0000] {logging_mixin.py:137} INFO - [2023-02-23T00:07:07.836+0000] {dag.py:3437} INFO - Setting next_dagrun for teste to 2023-01-13T00:00:00+00:00, run_after=2023-01-14T00:00:00+00:00
[2023-02-23T00:07:07.875+0000] {processor.py:175} INFO - Processing /opt/airflow/dags/main.py took 0.113 seconds
[2023-02-23T00:07:37.910+0000] {processor.py:153} INFO - Started process (PID=574) to work on /opt/airflow/dags/main.py
[2023-02-23T00:07:37.915+0000] {processor.py:743} INFO - Processing file /opt/airflow/dags/main.py for tasks to queue
[2023-02-23T00:07:37.916+0000] {logging_mixin.py:137} INFO - [2023-02-23T00:07:37.916+0000] {dagbag.py:538} INFO - Filling up the DagBag from /opt/airflow/dags/main.py
[2023-02-23T00:07:37.928+0000] {processor.py:753} INFO - DAG(s) dict_keys(['teste']) retrieved from /opt/airflow/dags/main.py
[2023-02-23T00:07:37.951+0000] {logging_mixin.py:137} INFO - [2023-02-23T00:07:37.951+0000] {dag.py:2690} INFO - Sync 1 DAGs
[2023-02-23T00:07:37.973+0000] {logging_mixin.py:137} INFO - [2023-02-23T00:07:37.973+0000] {dag.py:3437} INFO - Setting next_dagrun for teste to 2023-01-13T00:00:00+00:00, run_after=2023-01-14T00:00:00+00:00
[2023-02-23T00:07:37.996+0000] {processor.py:175} INFO - Processing /opt/airflow/dags/main.py took 0.088 seconds
[2023-02-23T00:08:08.147+0000] {processor.py:153} INFO - Started process (PID=575) to work on /opt/airflow/dags/main.py
[2023-02-23T00:08:08.153+0000] {processor.py:743} INFO - Processing file /opt/airflow/dags/main.py for tasks to queue
[2023-02-23T00:08:08.154+0000] {logging_mixin.py:137} INFO - [2023-02-23T00:08:08.153+0000] {dagbag.py:538} INFO - Filling up the DagBag from /opt/airflow/dags/main.py
[2023-02-23T00:08:08.166+0000] {processor.py:753} INFO - DAG(s) dict_keys(['teste']) retrieved from /opt/airflow/dags/main.py
[2023-02-23T00:08:08.188+0000] {logging_mixin.py:137} INFO - [2023-02-23T00:08:08.188+0000] {dag.py:2690} INFO - Sync 1 DAGs
[2023-02-23T00:08:08.210+0000] {logging_mixin.py:137} INFO - [2023-02-23T00:08:08.209+0000] {dag.py:3437} INFO - Setting next_dagrun for teste to 2023-01-13T00:00:00+00:00, run_after=2023-01-14T00:00:00+00:00
[2023-02-23T00:08:08.228+0000] {processor.py:175} INFO - Processing /opt/airflow/dags/main.py took 0.083 seconds
[2023-02-23T00:08:38.304+0000] {processor.py:153} INFO - Started process (PID=576) to work on /opt/airflow/dags/main.py
[2023-02-23T00:08:38.310+0000] {processor.py:743} INFO - Processing file /opt/airflow/dags/main.py for tasks to queue
[2023-02-23T00:08:38.311+0000] {logging_mixin.py:137} INFO - [2023-02-23T00:08:38.311+0000] {dagbag.py:538} INFO - Filling up the DagBag from /opt/airflow/dags/main.py
[2023-02-23T00:08:38.325+0000] {processor.py:753} INFO - DAG(s) dict_keys(['teste']) retrieved from /opt/airflow/dags/main.py
[2023-02-23T00:08:38.347+0000] {logging_mixin.py:137} INFO - [2023-02-23T00:08:38.347+0000] {dag.py:2690} INFO - Sync 1 DAGs
[2023-02-23T00:08:38.369+0000] {logging_mixin.py:137} INFO - [2023-02-23T00:08:38.369+0000] {dag.py:3437} INFO - Setting next_dagrun for teste to 2023-01-13T00:00:00+00:00, run_after=2023-01-14T00:00:00+00:00
[2023-02-23T00:08:38.388+0000] {processor.py:175} INFO - Processing /opt/airflow/dags/main.py took 0.089 seconds
[2023-02-23T00:09:08.518+0000] {processor.py:153} INFO - Started process (PID=577) to work on /opt/airflow/dags/main.py
[2023-02-23T00:09:08.523+0000] {processor.py:743} INFO - Processing file /opt/airflow/dags/main.py for tasks to queue
[2023-02-23T00:09:08.524+0000] {logging_mixin.py:137} INFO - [2023-02-23T00:09:08.524+0000] {dagbag.py:538} INFO - Filling up the DagBag from /opt/airflow/dags/main.py
[2023-02-23T00:09:08.535+0000] {processor.py:753} INFO - DAG(s) dict_keys(['teste']) retrieved from /opt/airflow/dags/main.py
[2023-02-23T00:09:08.558+0000] {logging_mixin.py:137} INFO - [2023-02-23T00:09:08.558+0000] {dag.py:2690} INFO - Sync 1 DAGs
[2023-02-23T00:09:08.580+0000] {logging_mixin.py:137} INFO - [2023-02-23T00:09:08.580+0000] {dag.py:3437} INFO - Setting next_dagrun for teste to 2023-01-13T00:00:00+00:00, run_after=2023-01-14T00:00:00+00:00
[2023-02-23T00:09:08.597+0000] {processor.py:175} INFO - Processing /opt/airflow/dags/main.py took 0.082 seconds
[2023-02-23T00:09:38.661+0000] {processor.py:153} INFO - Started process (PID=578) to work on /opt/airflow/dags/main.py
[2023-02-23T00:09:38.670+0000] {processor.py:743} INFO - Processing file /opt/airflow/dags/main.py for tasks to queue
[2023-02-23T00:09:38.671+0000] {logging_mixin.py:137} INFO - [2023-02-23T00:09:38.671+0000] {dagbag.py:538} INFO - Filling up the DagBag from /opt/airflow/dags/main.py
[2023-02-23T00:09:38.683+0000] {processor.py:753} INFO - DAG(s) dict_keys(['teste']) retrieved from /opt/airflow/dags/main.py
[2023-02-23T00:09:38.707+0000] {logging_mixin.py:137} INFO - [2023-02-23T00:09:38.707+0000] {dag.py:2690} INFO - Sync 1 DAGs
[2023-02-23T00:09:38.729+0000] {logging_mixin.py:137} INFO - [2023-02-23T00:09:38.729+0000] {dag.py:3437} INFO - Setting next_dagrun for teste to 2023-01-13T00:00:00+00:00, run_after=2023-01-14T00:00:00+00:00
[2023-02-23T00:09:38.746+0000] {processor.py:175} INFO - Processing /opt/airflow/dags/main.py took 0.088 seconds
[2023-02-23T00:10:08.842+0000] {processor.py:153} INFO - Started process (PID=579) to work on /opt/airflow/dags/main.py
[2023-02-23T00:10:08.848+0000] {processor.py:743} INFO - Processing file /opt/airflow/dags/main.py for tasks to queue
[2023-02-23T00:10:08.849+0000] {logging_mixin.py:137} INFO - [2023-02-23T00:10:08.848+0000] {dagbag.py:538} INFO - Filling up the DagBag from /opt/airflow/dags/main.py
[2023-02-23T00:10:08.861+0000] {processor.py:753} INFO - DAG(s) dict_keys(['teste']) retrieved from /opt/airflow/dags/main.py
[2023-02-23T00:10:08.885+0000] {logging_mixin.py:137} INFO - [2023-02-23T00:10:08.885+0000] {dag.py:2690} INFO - Sync 1 DAGs
[2023-02-23T00:10:08.910+0000] {logging_mixin.py:137} INFO - [2023-02-23T00:10:08.909+0000] {dag.py:3437} INFO - Setting next_dagrun for teste to 2023-01-13T00:00:00+00:00, run_after=2023-01-14T00:00:00+00:00
[2023-02-23T00:10:08.932+0000] {processor.py:175} INFO - Processing /opt/airflow/dags/main.py took 0.092 seconds
[2023-02-23T00:10:38.982+0000] {processor.py:153} INFO - Started process (PID=580) to work on /opt/airflow/dags/main.py
[2023-02-23T00:10:38.983+0000] {processor.py:743} INFO - Processing file /opt/airflow/dags/main.py for tasks to queue
[2023-02-23T00:10:38.983+0000] {logging_mixin.py:137} INFO - [2023-02-23T00:10:38.983+0000] {dagbag.py:538} INFO - Filling up the DagBag from /opt/airflow/dags/main.py
[2023-02-23T00:10:38.997+0000] {processor.py:753} INFO - DAG(s) dict_keys(['teste']) retrieved from /opt/airflow/dags/main.py
[2023-02-23T00:10:39.021+0000] {logging_mixin.py:137} INFO - [2023-02-23T00:10:39.021+0000] {dag.py:2690} INFO - Sync 1 DAGs
[2023-02-23T00:10:39.050+0000] {logging_mixin.py:137} INFO - [2023-02-23T00:10:39.049+0000] {dag.py:3437} INFO - Setting next_dagrun for teste to 2023-01-13T00:00:00+00:00, run_after=2023-01-14T00:00:00+00:00
[2023-02-23T00:10:39.067+0000] {processor.py:175} INFO - Processing /opt/airflow/dags/main.py took 0.088 seconds
[2023-02-23T00:11:09.193+0000] {processor.py:153} INFO - Started process (PID=581) to work on /opt/airflow/dags/main.py
[2023-02-23T00:11:09.199+0000] {processor.py:743} INFO - Processing file /opt/airflow/dags/main.py for tasks to queue
[2023-02-23T00:11:09.199+0000] {logging_mixin.py:137} INFO - [2023-02-23T00:11:09.199+0000] {dagbag.py:538} INFO - Filling up the DagBag from /opt/airflow/dags/main.py
[2023-02-23T00:11:09.212+0000] {processor.py:753} INFO - DAG(s) dict_keys(['teste']) retrieved from /opt/airflow/dags/main.py
[2023-02-23T00:11:09.236+0000] {logging_mixin.py:137} INFO - [2023-02-23T00:11:09.236+0000] {dag.py:2690} INFO - Sync 1 DAGs
[2023-02-23T00:11:09.262+0000] {logging_mixin.py:137} INFO - [2023-02-23T00:11:09.261+0000] {dag.py:3437} INFO - Setting next_dagrun for teste to 2023-01-13T00:00:00+00:00, run_after=2023-01-14T00:00:00+00:00
[2023-02-23T00:11:09.281+0000] {processor.py:175} INFO - Processing /opt/airflow/dags/main.py took 0.091 seconds
[2023-02-23T00:11:39.353+0000] {processor.py:153} INFO - Started process (PID=582) to work on /opt/airflow/dags/main.py
[2023-02-23T00:11:39.359+0000] {processor.py:743} INFO - Processing file /opt/airflow/dags/main.py for tasks to queue
[2023-02-23T00:11:39.360+0000] {logging_mixin.py:137} INFO - [2023-02-23T00:11:39.360+0000] {dagbag.py:538} INFO - Filling up the DagBag from /opt/airflow/dags/main.py
[2023-02-23T00:11:39.374+0000] {processor.py:753} INFO - DAG(s) dict_keys(['teste']) retrieved from /opt/airflow/dags/main.py
[2023-02-23T00:11:39.397+0000] {logging_mixin.py:137} INFO - [2023-02-23T00:11:39.397+0000] {dag.py:2690} INFO - Sync 1 DAGs
[2023-02-23T00:11:39.419+0000] {logging_mixin.py:137} INFO - [2023-02-23T00:11:39.419+0000] {dag.py:3437} INFO - Setting next_dagrun for teste to 2023-01-13T00:00:00+00:00, run_after=2023-01-14T00:00:00+00:00
[2023-02-23T00:11:39.438+0000] {processor.py:175} INFO - Processing /opt/airflow/dags/main.py took 0.089 seconds
[2023-02-23T00:12:09.561+0000] {processor.py:153} INFO - Started process (PID=583) to work on /opt/airflow/dags/main.py
[2023-02-23T00:12:09.567+0000] {processor.py:743} INFO - Processing file /opt/airflow/dags/main.py for tasks to queue
[2023-02-23T00:12:09.568+0000] {logging_mixin.py:137} INFO - [2023-02-23T00:12:09.568+0000] {dagbag.py:538} INFO - Filling up the DagBag from /opt/airflow/dags/main.py
[2023-02-23T00:12:09.584+0000] {processor.py:753} INFO - DAG(s) dict_keys(['teste']) retrieved from /opt/airflow/dags/main.py
[2023-02-23T00:12:09.614+0000] {logging_mixin.py:137} INFO - [2023-02-23T00:12:09.613+0000] {dag.py:2690} INFO - Sync 1 DAGs
[2023-02-23T00:12:09.649+0000] {logging_mixin.py:137} INFO - [2023-02-23T00:12:09.648+0000] {dag.py:3437} INFO - Setting next_dagrun for teste to 2023-01-13T00:00:00+00:00, run_after=2023-01-14T00:00:00+00:00
[2023-02-23T00:12:09.674+0000] {processor.py:175} INFO - Processing /opt/airflow/dags/main.py took 0.116 seconds
[2023-02-23T00:12:39.698+0000] {processor.py:153} INFO - Started process (PID=584) to work on /opt/airflow/dags/main.py
[2023-02-23T00:12:39.704+0000] {processor.py:743} INFO - Processing file /opt/airflow/dags/main.py for tasks to queue
[2023-02-23T00:12:39.704+0000] {logging_mixin.py:137} INFO - [2023-02-23T00:12:39.704+0000] {dagbag.py:538} INFO - Filling up the DagBag from /opt/airflow/dags/main.py
[2023-02-23T00:12:39.717+0000] {processor.py:753} INFO - DAG(s) dict_keys(['teste']) retrieved from /opt/airflow/dags/main.py
[2023-02-23T00:12:39.740+0000] {logging_mixin.py:137} INFO - [2023-02-23T00:12:39.740+0000] {dag.py:2690} INFO - Sync 1 DAGs
[2023-02-23T00:12:39.764+0000] {logging_mixin.py:137} INFO - [2023-02-23T00:12:39.764+0000] {dag.py:3437} INFO - Setting next_dagrun for teste to 2023-01-13T00:00:00+00:00, run_after=2023-01-14T00:00:00+00:00
[2023-02-23T00:12:39.783+0000] {processor.py:175} INFO - Processing /opt/airflow/dags/main.py took 0.089 seconds
[2023-02-23T00:13:09.931+0000] {processor.py:153} INFO - Started process (PID=585) to work on /opt/airflow/dags/main.py
[2023-02-23T00:13:09.937+0000] {processor.py:743} INFO - Processing file /opt/airflow/dags/main.py for tasks to queue
[2023-02-23T00:13:09.938+0000] {logging_mixin.py:137} INFO - [2023-02-23T00:13:09.938+0000] {dagbag.py:538} INFO - Filling up the DagBag from /opt/airflow/dags/main.py
[2023-02-23T00:13:09.950+0000] {processor.py:753} INFO - DAG(s) dict_keys(['teste']) retrieved from /opt/airflow/dags/main.py
[2023-02-23T00:13:09.972+0000] {logging_mixin.py:137} INFO - [2023-02-23T00:13:09.972+0000] {dag.py:2690} INFO - Sync 1 DAGs
[2023-02-23T00:13:09.993+0000] {logging_mixin.py:137} INFO - [2023-02-23T00:13:09.993+0000] {dag.py:3437} INFO - Setting next_dagrun for teste to 2023-01-13T00:00:00+00:00, run_after=2023-01-14T00:00:00+00:00
[2023-02-23T00:13:10.010+0000] {processor.py:175} INFO - Processing /opt/airflow/dags/main.py took 0.082 seconds
[2023-02-23T00:13:40.095+0000] {processor.py:153} INFO - Started process (PID=586) to work on /opt/airflow/dags/main.py
[2023-02-23T00:13:40.096+0000] {processor.py:743} INFO - Processing file /opt/airflow/dags/main.py for tasks to queue
[2023-02-23T00:13:40.097+0000] {logging_mixin.py:137} INFO - [2023-02-23T00:13:40.096+0000] {dagbag.py:538} INFO - Filling up the DagBag from /opt/airflow/dags/main.py
[2023-02-23T00:13:40.109+0000] {processor.py:753} INFO - DAG(s) dict_keys(['teste']) retrieved from /opt/airflow/dags/main.py
[2023-02-23T00:13:40.132+0000] {logging_mixin.py:137} INFO - [2023-02-23T00:13:40.132+0000] {dag.py:2690} INFO - Sync 1 DAGs
[2023-02-23T00:13:40.153+0000] {logging_mixin.py:137} INFO - [2023-02-23T00:13:40.153+0000] {dag.py:3437} INFO - Setting next_dagrun for teste to 2023-01-13T00:00:00+00:00, run_after=2023-01-14T00:00:00+00:00
[2023-02-23T00:13:40.170+0000] {processor.py:175} INFO - Processing /opt/airflow/dags/main.py took 0.078 seconds
