[2023-03-10T23:03:56.999+0000] {taskinstance.py:1083} INFO - Dependencies all met for <TaskInstance: projeto_agro.extract_data manual__2023-03-10T23:03:52.513747+00:00 [queued]>
[2023-03-10T23:03:57.013+0000] {taskinstance.py:1083} INFO - Dependencies all met for <TaskInstance: projeto_agro.extract_data manual__2023-03-10T23:03:52.513747+00:00 [queued]>
[2023-03-10T23:03:57.013+0000] {taskinstance.py:1279} INFO - 
--------------------------------------------------------------------------------
[2023-03-10T23:03:57.014+0000] {taskinstance.py:1280} INFO - Starting attempt 1 of 1
[2023-03-10T23:03:57.014+0000] {taskinstance.py:1281} INFO - 
--------------------------------------------------------------------------------
[2023-03-10T23:03:57.032+0000] {taskinstance.py:1300} INFO - Executing <Task(PythonOperator): extract_data> on 2023-03-10 23:03:52.513747+00:00
[2023-03-10T23:03:57.036+0000] {standard_task_runner.py:55} INFO - Started process 65 to run task
[2023-03-10T23:03:57.039+0000] {standard_task_runner.py:82} INFO - Running: ['airflow', 'tasks', 'run', 'projeto_agro', 'extract_data', 'manual__2023-03-10T23:03:52.513747+00:00', '--job-id', '72', '--raw', '--subdir', 'DAGS_FOLDER/main.py', '--cfg-path', '/tmp/tmp_r5oly3n']
[2023-03-10T23:03:57.040+0000] {standard_task_runner.py:83} INFO - Job 72: Subtask extract_data
[2023-03-10T23:03:57.126+0000] {task_command.py:388} INFO - Running <TaskInstance: projeto_agro.extract_data manual__2023-03-10T23:03:52.513747+00:00 [running]> on host d86bb0b8e82f
[2023-03-10T23:03:57.228+0000] {taskinstance.py:1507} INFO - Exporting the following env vars:
AIRFLOW_CTX_DAG_OWNER=airflow
AIRFLOW_CTX_DAG_ID=projeto_agro
AIRFLOW_CTX_TASK_ID=extract_data
AIRFLOW_CTX_EXECUTION_DATE=2023-03-10T23:03:52.513747+00:00
AIRFLOW_CTX_TRY_NUMBER=1
AIRFLOW_CTX_DAG_RUN_ID=manual__2023-03-10T23:03:52.513747+00:00
[2023-03-10T23:05:23.931+0000] {logging_mixin.py:137} WARNING - /opt/airflow/dags/../../scripts/extract.py:27 DtypeWarning: Columns (2) have mixed types. Specify dtype option on import or set low_memory=False.
[2023-03-10T23:06:30.192+0000] {python.py:177} INFO - Done. Returned value was: None
[2023-03-10T23:06:30.355+0000] {taskinstance.py:1318} INFO - Marking task as SUCCESS. dag_id=projeto_agro, task_id=extract_data, execution_date=20230310T230352, start_date=20230310T230357, end_date=20230310T230630
[2023-03-10T23:06:30.444+0000] {local_task_job.py:208} INFO - Task exited with return code 0
[2023-03-10T23:06:30.513+0000] {taskinstance.py:2578} INFO - 0 downstream tasks scheduled from follow-on schedule check
